2022-de febr.-09 13:22:05 p. m. [main] DEBUG org.hibernate.SQL - drop table if exists stock
2022-de febr.-09 13:22:05 p. m. [main] DEBUG org.hibernate.SQL - create table stock (STOCK_ID integer not null auto_increment, STOCK_CODE varchar(10) not null, STOCK_NAME varchar(20) not null, primary key (STOCK_ID)) engine=MyISAM
2022-de febr.-09 13:22:05 p. m. [main] DEBUG org.hibernate.SQL - alter table stock add constraint UK_j1y49jqhck84j782fojvrk55w unique (STOCK_CODE)
2022-de febr.-09 13:22:05 p. m. [main] DEBUG org.hibernate.SQL - alter table stock add constraint UK_id2u76pv39wuq1txaomuw9ita unique (STOCK_NAME)
2022-de febr.-09 13:22:05 p. m. [main] DEBUG org.hibernate.SQL - insert into stock (STOCK_CODE, STOCK_NAME) values (?, ?)
2022-de febr.-09 13:22:05 p. m. [main] TRACE org.hibernate.type.descriptor.sql.BasicBinder - binding parameter [1] as [VARCHAR] - [4715]
2022-de febr.-09 13:22:05 p. m. [main] TRACE org.hibernate.type.descriptor.sql.BasicBinder - binding parameter [2] as [VARCHAR] - [STOCK1]
2022-de febr.-09 13:22:05 p. m. [main] DEBUG org.hibernate.SQL - insert into stock (STOCK_CODE, STOCK_NAME) values (?, ?)
2022-de febr.-09 13:22:05 p. m. [main] TRACE org.hibernate.type.descriptor.sql.BasicBinder - binding parameter [1] as [VARCHAR] - [4716]
2022-de febr.-09 13:22:05 p. m. [main] TRACE org.hibernate.type.descriptor.sql.BasicBinder - binding parameter [2] as [VARCHAR] - [STOCK2]
2022-de febr.-09 13:22:05 p. m. [main] DEBUG org.hibernate.SQL - insert into stock (STOCK_CODE, STOCK_NAME) values (?, ?)
2022-de febr.-09 13:22:05 p. m. [main] TRACE org.hibernate.type.descriptor.sql.BasicBinder - binding parameter [1] as [VARCHAR] - [4716]
2022-de febr.-09 13:22:05 p. m. [main] TRACE org.hibernate.type.descriptor.sql.BasicBinder - binding parameter [2] as [VARCHAR] - [STOCK3]
2022-de febr.-09 13:25:34 p. m. [main] DEBUG org.hibernate.SQL - drop table if exists stock
2022-de febr.-09 13:25:34 p. m. [main] DEBUG org.hibernate.SQL - create table stock (STOCK_ID integer not null auto_increment, STOCK_CODE varchar(10) not null, STOCK_NAME varchar(20) not null, primary key (STOCK_ID)) engine=MyISAM
2022-de febr.-09 13:25:34 p. m. [main] DEBUG org.hibernate.SQL - alter table stock add constraint UK_j1y49jqhck84j782fojvrk55w unique (STOCK_CODE)
2022-de febr.-09 13:25:34 p. m. [main] DEBUG org.hibernate.SQL - alter table stock add constraint UK_id2u76pv39wuq1txaomuw9ita unique (STOCK_NAME)
2022-de febr.-09 13:25:34 p. m. [main] DEBUG org.hibernate.SQL - insert into stock (STOCK_CODE, STOCK_NAME) values (?, ?)
2022-de febr.-09 13:25:34 p. m. [main] TRACE org.hibernate.type.descriptor.sql.BasicBinder - binding parameter [1] as [VARCHAR] - [4715]
2022-de febr.-09 13:25:34 p. m. [main] TRACE org.hibernate.type.descriptor.sql.BasicBinder - binding parameter [2] as [VARCHAR] - [STOCK1]
2022-de febr.-09 13:25:34 p. m. [main] DEBUG org.hibernate.SQL - insert into stock (STOCK_CODE, STOCK_NAME) values (?, ?)
2022-de febr.-09 13:25:34 p. m. [main] TRACE org.hibernate.type.descriptor.sql.BasicBinder - binding parameter [1] as [VARCHAR] - [4716]
2022-de febr.-09 13:25:34 p. m. [main] TRACE org.hibernate.type.descriptor.sql.BasicBinder - binding parameter [2] as [VARCHAR] - [STOCK2]
2022-de febr.-09 13:25:34 p. m. [main] DEBUG org.hibernate.SQL - insert into stock (STOCK_CODE, STOCK_NAME) values (?, ?)
2022-de febr.-09 13:25:34 p. m. [main] TRACE org.hibernate.type.descriptor.sql.BasicBinder - binding parameter [1] as [VARCHAR] - [4716]
2022-de febr.-09 13:25:34 p. m. [main] TRACE org.hibernate.type.descriptor.sql.BasicBinder - binding parameter [2] as [VARCHAR] - [STOCK3]
2022-de febr.-09 13:25:34 p. m. [main] ERROR App - Violació de la restricció: stock.UK_j1y49jqhck84j782fojvrk55w
2022-de febr.-09 15:47:25 p. m. [main] ERROR App - Violació de la restricció: stock.UK_j1y49jqhck84j782fojvrk55w
2022-de febr.-09 15:48:09 p. m. [main] INFO  App - Obrim transaccio
2022-de febr.-09 15:48:09 p. m. [main] ERROR org.hibernate.engine.jdbc.spi.SqlExceptionHelper - Duplicate entry '4716' for key 'stock.UK_j1y49jqhck84j782fojvrk55w'
2022-de febr.-09 15:48:09 p. m. [main] ERROR App - Violació de la restricció: stock.UK_j1y49jqhck84j782fojvrk55w
2022-de febr.-09 15:48:24 p. m. [main] DEBUG org.jboss.logging - Logging Provider: org.jboss.logging.Log4j2LoggerProvider
2022-de febr.-09 15:48:25 p. m. [main] INFO  App - Obrim transaccio
2022-de febr.-09 15:48:25 p. m. [main] ERROR org.hibernate.engine.jdbc.spi.SqlExceptionHelper - Duplicate entry '4716' for key 'stock.UK_j1y49jqhck84j782fojvrk55w'
2022-de febr.-09 15:48:25 p. m. [main] ERROR App - Violació de la restricció: stock.UK_j1y49jqhck84j782fojvrk55w
2022-de febr.-09 15:48:35 p. m. [main] DEBUG org.jboss.logging - Logging Provider: org.jboss.logging.Log4j2LoggerProvider
2022-de febr.-09 15:48:37 p. m. [main] INFO  App - Obrim transaccio
2022-de febr.-09 15:48:37 p. m. [main] ERROR org.hibernate.engine.jdbc.spi.SqlExceptionHelper - Duplicate entry '4716' for key 'stock.UK_j1y49jqhck84j782fojvrk55w'
2022-de febr.-09 15:48:37 p. m. [main] ERROR App - Violació de la restricció: stock.UK_j1y49jqhck84j782fojvrk55w
2022-de febr.-09 15:48:47 p. m. [main] DEBUG org.jboss.logging - Logging Provider: org.jboss.logging.Log4j2LoggerProvider
2022-de febr.-09 15:48:47 p. m. [main] DEBUG org.hibernate.integrator.internal.IntegratorServiceImpl - Adding Integrator [org.hibernate.cfg.beanvalidation.BeanValidationIntegrator].
2022-de febr.-09 15:48:47 p. m. [main] DEBUG org.hibernate.integrator.internal.IntegratorServiceImpl - Adding Integrator [org.hibernate.secure.spi.JaccIntegrator].
2022-de febr.-09 15:48:47 p. m. [main] DEBUG org.hibernate.integrator.internal.IntegratorServiceImpl - Adding Integrator [org.hibernate.cache.internal.CollectionCacheInvalidator].
2022-de febr.-09 15:48:47 p. m. [main] INFO  org.hibernate.Version - HHH000412: Hibernate ORM core version 5.6.5.Final
2022-de febr.-09 15:48:47 p. m. [main] DEBUG org.hibernate.cfg.Environment - HHH000206: hibernate.properties not found
2022-de febr.-09 15:48:47 p. m. [main] DEBUG org.hibernate.boot.jaxb.internal.stax.LocalXmlResourceResolver - Interpreting public/system identifier : [-//Hibernate/Hibernate Configuration DTD 3.0//EN] - [http://hibernate.sourceforge.net/hibernate-configuration-3.0.dtd]
2022-de febr.-09 15:48:47 p. m. [main] WARN  org.hibernate.orm.deprecation - HHH90000012: Recognized obsolete hibernate namespace http://hibernate.sourceforge.net/hibernate-configuration. Use namespace http://www.hibernate.org/dtd/hibernate-configuration instead.  Support for obsolete DTD/XSD namespaces may be removed at any time.
2022-de febr.-09 15:48:47 p. m. [main] DEBUG org.hibernate.boot.jaxb.internal.stax.LocalXmlResourceResolver - Recognized hibernate-configuration identifier; attempting to resolve on classpath under org/hibernate/
2022-de febr.-09 15:48:47 p. m. [main] DEBUG org.hibernate.boot.cfgxml.internal.JaxbCfgProcessor - cfg.xml document did not define namespaces; wrapping in custom event reader to introduce namespace information
2022-de febr.-09 15:48:47 p. m. [main] DEBUG org.hibernate.cfg.Configuration - Building session factory using internal StandardServiceRegistryBuilder
2022-de febr.-09 15:48:47 p. m. [main] DEBUG org.hibernate.service.spi.ServiceBinding - Overriding existing service binding [org.hibernate.secure.spi.JaccService]
2022-de febr.-09 15:48:47 p. m. [main] DEBUG org.hibernate.cfg.Configuration - Building session factory using provided StandardServiceRegistry
2022-de febr.-09 15:48:47 p. m. [main] DEBUG org.hibernate.cache.internal.RegionFactoryInitiator - Cannot default RegionFactory based on registered strategies as `[]` RegionFactory strategies were registered
2022-de febr.-09 15:48:47 p. m. [main] DEBUG org.hibernate.cache.internal.RegionFactoryInitiator - Cache region factory : org.hibernate.cache.internal.NoCachingRegionFactory
2022-de febr.-09 15:48:47 p. m. [main] INFO  org.hibernate.annotations.common.Version - HCANN000001: Hibernate Commons Annotations {5.1.2.Final}
2022-de febr.-09 15:48:47 p. m. [main] DEBUG org.hibernate.type.BasicTypeRegistry - Adding type registration boolean -> org.hibernate.type.BooleanType@600b0b7
2022-de febr.-09 15:48:47 p. m. [main] DEBUG org.hibernate.type.BasicTypeRegistry - Adding type registration boolean -> org.hibernate.type.BooleanType@600b0b7
2022-de febr.-09 15:48:47 p. m. [main] DEBUG org.hibernate.type.BasicTypeRegistry - Adding type registration java.lang.Boolean -> org.hibernate.type.BooleanType@600b0b7
2022-de febr.-09 15:48:47 p. m. [main] DEBUG org.hibernate.type.BasicTypeRegistry - Adding type registration numeric_boolean -> org.hibernate.type.NumericBooleanType@473b3b7a
2022-de febr.-09 15:48:47 p. m. [main] DEBUG org.hibernate.type.BasicTypeRegistry - Adding type registration true_false -> org.hibernate.type.TrueFalseType@402f80f5
2022-de febr.-09 15:48:47 p. m. [main] DEBUG org.hibernate.type.BasicTypeRegistry - Adding type registration yes_no -> org.hibernate.type.YesNoType@7dac3fd8
2022-de febr.-09 15:48:47 p. m. [main] DEBUG org.hibernate.type.BasicTypeRegistry - Adding type registration byte -> org.hibernate.type.ByteType@38875e7d
2022-de febr.-09 15:48:47 p. m. [main] DEBUG org.hibernate.type.BasicTypeRegistry - Adding type registration byte -> org.hibernate.type.ByteType@38875e7d
2022-de febr.-09 15:48:47 p. m. [main] DEBUG org.hibernate.type.BasicTypeRegistry - Adding type registration java.lang.Byte -> org.hibernate.type.ByteType@38875e7d
2022-de febr.-09 15:48:47 p. m. [main] DEBUG org.hibernate.type.BasicTypeRegistry - Adding type registration character -> org.hibernate.type.CharacterType@47747fb9
2022-de febr.-09 15:48:47 p. m. [main] DEBUG org.hibernate.type.BasicTypeRegistry - Adding type registration char -> org.hibernate.type.CharacterType@47747fb9
2022-de febr.-09 15:48:47 p. m. [main] DEBUG org.hibernate.type.BasicTypeRegistry - Adding type registration java.lang.Character -> org.hibernate.type.CharacterType@47747fb9
2022-de febr.-09 15:48:47 p. m. [main] DEBUG org.hibernate.type.BasicTypeRegistry - Adding type registration short -> org.hibernate.type.ShortType@c41709a
2022-de febr.-09 15:48:47 p. m. [main] DEBUG org.hibernate.type.BasicTypeRegistry - Adding type registration short -> org.hibernate.type.ShortType@c41709a
2022-de febr.-09 15:48:47 p. m. [main] DEBUG org.hibernate.type.BasicTypeRegistry - Adding type registration java.lang.Short -> org.hibernate.type.ShortType@c41709a
2022-de febr.-09 15:48:47 p. m. [main] DEBUG org.hibernate.type.BasicTypeRegistry - Adding type registration integer -> org.hibernate.type.IntegerType@1edb61b1
2022-de febr.-09 15:48:47 p. m. [main] DEBUG org.hibernate.type.BasicTypeRegistry - Adding type registration int -> org.hibernate.type.IntegerType@1edb61b1
2022-de febr.-09 15:48:47 p. m. [main] DEBUG org.hibernate.type.BasicTypeRegistry - Adding type registration java.lang.Integer -> org.hibernate.type.IntegerType@1edb61b1
2022-de febr.-09 15:48:47 p. m. [main] DEBUG org.hibernate.type.BasicTypeRegistry - Adding type registration long -> org.hibernate.type.LongType@669253b7
2022-de febr.-09 15:48:47 p. m. [main] DEBUG org.hibernate.type.BasicTypeRegistry - Adding type registration long -> org.hibernate.type.LongType@669253b7
2022-de febr.-09 15:48:47 p. m. [main] DEBUG org.hibernate.type.BasicTypeRegistry - Adding type registration java.lang.Long -> org.hibernate.type.LongType@669253b7
2022-de febr.-09 15:48:47 p. m. [main] DEBUG org.hibernate.type.BasicTypeRegistry - Adding type registration float -> org.hibernate.type.FloatType@36ac8a63
2022-de febr.-09 15:48:47 p. m. [main] DEBUG org.hibernate.type.BasicTypeRegistry - Adding type registration float -> org.hibernate.type.FloatType@36ac8a63
2022-de febr.-09 15:48:47 p. m. [main] DEBUG org.hibernate.type.BasicTypeRegistry - Adding type registration java.lang.Float -> org.hibernate.type.FloatType@36ac8a63
2022-de febr.-09 15:48:47 p. m. [main] DEBUG org.hibernate.type.BasicTypeRegistry - Adding type registration double -> org.hibernate.type.DoubleType@1fe8d51b
2022-de febr.-09 15:48:47 p. m. [main] DEBUG org.hibernate.type.BasicTypeRegistry - Adding type registration double -> org.hibernate.type.DoubleType@1fe8d51b
2022-de febr.-09 15:48:47 p. m. [main] DEBUG org.hibernate.type.BasicTypeRegistry - Adding type registration java.lang.Double -> org.hibernate.type.DoubleType@1fe8d51b
2022-de febr.-09 15:48:47 p. m. [main] DEBUG org.hibernate.type.BasicTypeRegistry - Adding type registration big_decimal -> org.hibernate.type.BigDecimalType@72bca894
2022-de febr.-09 15:48:47 p. m. [main] DEBUG org.hibernate.type.BasicTypeRegistry - Adding type registration java.math.BigDecimal -> org.hibernate.type.BigDecimalType@72bca894
2022-de febr.-09 15:48:47 p. m. [main] DEBUG org.hibernate.type.BasicTypeRegistry - Adding type registration big_integer -> org.hibernate.type.BigIntegerType@27f9e982
2022-de febr.-09 15:48:47 p. m. [main] DEBUG org.hibernate.type.BasicTypeRegistry - Adding type registration java.math.BigInteger -> org.hibernate.type.BigIntegerType@27f9e982
2022-de febr.-09 15:48:47 p. m. [main] DEBUG org.hibernate.type.BasicTypeRegistry - Adding type registration string -> org.hibernate.type.StringType@1d572e62
2022-de febr.-09 15:48:47 p. m. [main] DEBUG org.hibernate.type.BasicTypeRegistry - Adding type registration java.lang.String -> org.hibernate.type.StringType@1d572e62
2022-de febr.-09 15:48:47 p. m. [main] DEBUG org.hibernate.type.BasicTypeRegistry - Adding type registration nstring -> org.hibernate.type.StringNVarcharType@7cd1ac19
2022-de febr.-09 15:48:47 p. m. [main] DEBUG org.hibernate.type.BasicTypeRegistry - Adding type registration ncharacter -> org.hibernate.type.CharacterNCharType@1804f60d
2022-de febr.-09 15:48:47 p. m. [main] DEBUG org.hibernate.type.BasicTypeRegistry - Adding type registration url -> org.hibernate.type.UrlType@21680803
2022-de febr.-09 15:48:47 p. m. [main] DEBUG org.hibernate.type.BasicTypeRegistry - Adding type registration java.net.URL -> org.hibernate.type.UrlType@21680803
2022-de febr.-09 15:48:47 p. m. [main] DEBUG org.hibernate.type.BasicTypeRegistry - Adding type registration Duration -> org.hibernate.type.DurationType@c074c0c
2022-de febr.-09 15:48:47 p. m. [main] DEBUG org.hibernate.type.BasicTypeRegistry - Adding type registration java.time.Duration -> org.hibernate.type.DurationType@c074c0c
2022-de febr.-09 15:48:47 p. m. [main] DEBUG org.hibernate.type.BasicTypeRegistry - Adding type registration Instant -> org.hibernate.type.InstantType@5167268
2022-de febr.-09 15:48:47 p. m. [main] DEBUG org.hibernate.type.BasicTypeRegistry - Adding type registration java.time.Instant -> org.hibernate.type.InstantType@5167268
2022-de febr.-09 15:48:47 p. m. [main] DEBUG org.hibernate.type.BasicTypeRegistry - Adding type registration LocalDateTime -> org.hibernate.type.LocalDateTimeType@4d157787
2022-de febr.-09 15:48:47 p. m. [main] DEBUG org.hibernate.type.BasicTypeRegistry - Adding type registration java.time.LocalDateTime -> org.hibernate.type.LocalDateTimeType@4d157787
2022-de febr.-09 15:48:47 p. m. [main] DEBUG org.hibernate.type.BasicTypeRegistry - Adding type registration LocalDate -> org.hibernate.type.LocalDateType@51c929ae
2022-de febr.-09 15:48:47 p. m. [main] DEBUG org.hibernate.type.BasicTypeRegistry - Adding type registration java.time.LocalDate -> org.hibernate.type.LocalDateType@51c929ae
2022-de febr.-09 15:48:47 p. m. [main] DEBUG org.hibernate.type.BasicTypeRegistry - Adding type registration LocalTime -> org.hibernate.type.LocalTimeType@62c5bbdc
2022-de febr.-09 15:48:47 p. m. [main] DEBUG org.hibernate.type.BasicTypeRegistry - Adding type registration java.time.LocalTime -> org.hibernate.type.LocalTimeType@62c5bbdc
2022-de febr.-09 15:48:47 p. m. [main] DEBUG org.hibernate.type.BasicTypeRegistry - Adding type registration OffsetDateTime -> org.hibernate.type.OffsetDateTimeType@160c3ec1
2022-de febr.-09 15:48:47 p. m. [main] DEBUG org.hibernate.type.BasicTypeRegistry - Adding type registration java.time.OffsetDateTime -> org.hibernate.type.OffsetDateTimeType@160c3ec1
2022-de febr.-09 15:48:47 p. m. [main] DEBUG org.hibernate.type.BasicTypeRegistry - Adding type registration OffsetTime -> org.hibernate.type.OffsetTimeType@60afd40d
2022-de febr.-09 15:48:47 p. m. [main] DEBUG org.hibernate.type.BasicTypeRegistry - Adding type registration java.time.OffsetTime -> org.hibernate.type.OffsetTimeType@60afd40d
2022-de febr.-09 15:48:47 p. m. [main] DEBUG org.hibernate.type.BasicTypeRegistry - Adding type registration ZonedDateTime -> org.hibernate.type.ZonedDateTimeType@33c2bd
2022-de febr.-09 15:48:47 p. m. [main] DEBUG org.hibernate.type.BasicTypeRegistry - Adding type registration java.time.ZonedDateTime -> org.hibernate.type.ZonedDateTimeType@33c2bd
2022-de febr.-09 15:48:47 p. m. [main] DEBUG org.hibernate.type.BasicTypeRegistry - Adding type registration date -> org.hibernate.type.DateType@4ced35ed
2022-de febr.-09 15:48:47 p. m. [main] DEBUG org.hibernate.type.BasicTypeRegistry - Adding type registration java.sql.Date -> org.hibernate.type.DateType@4ced35ed
2022-de febr.-09 15:48:47 p. m. [main] DEBUG org.hibernate.type.BasicTypeRegistry - Adding type registration time -> org.hibernate.type.TimeType@3aaf4f07
2022-de febr.-09 15:48:47 p. m. [main] DEBUG org.hibernate.type.BasicTypeRegistry - Adding type registration java.sql.Time -> org.hibernate.type.TimeType@3aaf4f07
2022-de febr.-09 15:48:47 p. m. [main] DEBUG org.hibernate.type.BasicTypeRegistry - Adding type registration timestamp -> org.hibernate.type.TimestampType@1deb2c43
2022-de febr.-09 15:48:47 p. m. [main] DEBUG org.hibernate.type.BasicTypeRegistry - Adding type registration java.sql.Timestamp -> org.hibernate.type.TimestampType@1deb2c43
2022-de febr.-09 15:48:47 p. m. [main] DEBUG org.hibernate.type.BasicTypeRegistry - Adding type registration java.util.Date -> org.hibernate.type.TimestampType@1deb2c43
2022-de febr.-09 15:48:47 p. m. [main] DEBUG org.hibernate.type.BasicTypeRegistry - Adding type registration dbtimestamp -> org.hibernate.type.DbTimestampType@1cefc4b3
2022-de febr.-09 15:48:47 p. m. [main] DEBUG org.hibernate.type.BasicTypeRegistry - Adding type registration calendar -> org.hibernate.type.CalendarType@7674a051
2022-de febr.-09 15:48:47 p. m. [main] DEBUG org.hibernate.type.BasicTypeRegistry - Adding type registration java.util.Calendar -> org.hibernate.type.CalendarType@7674a051
2022-de febr.-09 15:48:47 p. m. [main] DEBUG org.hibernate.type.BasicTypeRegistry - Adding type registration java.util.GregorianCalendar -> org.hibernate.type.CalendarType@7674a051
2022-de febr.-09 15:48:47 p. m. [main] DEBUG org.hibernate.type.BasicTypeRegistry - Adding type registration calendar_date -> org.hibernate.type.CalendarDateType@a23a01d
2022-de febr.-09 15:48:47 p. m. [main] DEBUG org.hibernate.type.BasicTypeRegistry - Adding type registration calendar_time -> org.hibernate.type.CalendarTimeType@57a4d5ee
2022-de febr.-09 15:48:47 p. m. [main] DEBUG org.hibernate.type.BasicTypeRegistry - Adding type registration locale -> org.hibernate.type.LocaleType@7692cd34
2022-de febr.-09 15:48:47 p. m. [main] DEBUG org.hibernate.type.BasicTypeRegistry - Adding type registration java.util.Locale -> org.hibernate.type.LocaleType@7692cd34
2022-de febr.-09 15:48:47 p. m. [main] DEBUG org.hibernate.type.BasicTypeRegistry - Adding type registration currency -> org.hibernate.type.CurrencyType@7dd712e8
2022-de febr.-09 15:48:47 p. m. [main] DEBUG org.hibernate.type.BasicTypeRegistry - Adding type registration java.util.Currency -> org.hibernate.type.CurrencyType@7dd712e8
2022-de febr.-09 15:48:47 p. m. [main] DEBUG org.hibernate.type.BasicTypeRegistry - Adding type registration timezone -> org.hibernate.type.TimeZoneType@3c1e3314
2022-de febr.-09 15:48:47 p. m. [main] DEBUG org.hibernate.type.BasicTypeRegistry - Adding type registration java.util.TimeZone -> org.hibernate.type.TimeZoneType@3c1e3314
2022-de febr.-09 15:48:47 p. m. [main] DEBUG org.hibernate.type.BasicTypeRegistry - Adding type registration class -> org.hibernate.type.ClassType@50b0bc4c
2022-de febr.-09 15:48:47 p. m. [main] DEBUG org.hibernate.type.BasicTypeRegistry - Adding type registration java.lang.Class -> org.hibernate.type.ClassType@50b0bc4c
2022-de febr.-09 15:48:47 p. m. [main] DEBUG org.hibernate.type.BasicTypeRegistry - Adding type registration uuid-binary -> org.hibernate.type.UUIDBinaryType@5f577419
2022-de febr.-09 15:48:47 p. m. [main] DEBUG org.hibernate.type.BasicTypeRegistry - Adding type registration java.util.UUID -> org.hibernate.type.UUIDBinaryType@5f577419
2022-de febr.-09 15:48:47 p. m. [main] DEBUG org.hibernate.type.BasicTypeRegistry - Adding type registration uuid-char -> org.hibernate.type.UUIDCharType@6a175569
2022-de febr.-09 15:48:47 p. m. [main] DEBUG org.hibernate.type.BasicTypeRegistry - Adding type registration binary -> org.hibernate.type.BinaryType@f325091
2022-de febr.-09 15:48:47 p. m. [main] DEBUG org.hibernate.type.BasicTypeRegistry - Adding type registration byte[] -> org.hibernate.type.BinaryType@f325091
2022-de febr.-09 15:48:47 p. m. [main] DEBUG org.hibernate.type.BasicTypeRegistry - Adding type registration [B -> org.hibernate.type.BinaryType@f325091
2022-de febr.-09 15:48:47 p. m. [main] DEBUG org.hibernate.type.BasicTypeRegistry - Adding type registration wrapper-binary -> org.hibernate.type.WrapperBinaryType@6bd51ed8
2022-de febr.-09 15:48:47 p. m. [main] DEBUG org.hibernate.type.BasicTypeRegistry - Adding type registration Byte[] -> org.hibernate.type.WrapperBinaryType@6bd51ed8
2022-de febr.-09 15:48:47 p. m. [main] DEBUG org.hibernate.type.BasicTypeRegistry - Adding type registration [Ljava.lang.Byte; -> org.hibernate.type.WrapperBinaryType@6bd51ed8
2022-de febr.-09 15:48:47 p. m. [main] DEBUG org.hibernate.type.BasicTypeRegistry - Adding type registration row_version -> org.hibernate.type.RowVersionType@5cad8b7d
2022-de febr.-09 15:48:47 p. m. [main] DEBUG org.hibernate.type.BasicTypeRegistry - Adding type registration image -> org.hibernate.type.ImageType@2e6ee0bc
2022-de febr.-09 15:48:47 p. m. [main] DEBUG org.hibernate.type.BasicTypeRegistry - Adding type registration characters -> org.hibernate.type.CharArrayType@66b72664
2022-de febr.-09 15:48:47 p. m. [main] DEBUG org.hibernate.type.BasicTypeRegistry - Adding type registration char[] -> org.hibernate.type.CharArrayType@66b72664
2022-de febr.-09 15:48:47 p. m. [main] DEBUG org.hibernate.type.BasicTypeRegistry - Adding type registration [C -> org.hibernate.type.CharArrayType@66b72664
2022-de febr.-09 15:48:47 p. m. [main] DEBUG org.hibernate.type.BasicTypeRegistry - Adding type registration wrapper-characters -> org.hibernate.type.CharacterArrayType@74a9c4b0
2022-de febr.-09 15:48:47 p. m. [main] DEBUG org.hibernate.type.BasicTypeRegistry - Adding type registration [Ljava.lang.Character; -> org.hibernate.type.CharacterArrayType@74a9c4b0
2022-de febr.-09 15:48:47 p. m. [main] DEBUG org.hibernate.type.BasicTypeRegistry - Adding type registration Character[] -> org.hibernate.type.CharacterArrayType@74a9c4b0
2022-de febr.-09 15:48:47 p. m. [main] DEBUG org.hibernate.type.BasicTypeRegistry - Adding type registration text -> org.hibernate.type.TextType@5fd9b663
2022-de febr.-09 15:48:47 p. m. [main] DEBUG org.hibernate.type.BasicTypeRegistry - Adding type registration ntext -> org.hibernate.type.NTextType@1c4ee95c
2022-de febr.-09 15:48:47 p. m. [main] DEBUG org.hibernate.type.BasicTypeRegistry - Adding type registration blob -> org.hibernate.type.BlobType@6b5f8707
2022-de febr.-09 15:48:47 p. m. [main] DEBUG org.hibernate.type.BasicTypeRegistry - Adding type registration java.sql.Blob -> org.hibernate.type.BlobType@6b5f8707
2022-de febr.-09 15:48:47 p. m. [main] DEBUG org.hibernate.type.BasicTypeRegistry - Adding type registration materialized_blob -> org.hibernate.type.MaterializedBlobType@6e5bfdfc
2022-de febr.-09 15:48:47 p. m. [main] DEBUG org.hibernate.type.BasicTypeRegistry - Adding type registration clob -> org.hibernate.type.ClobType@1a1d3c1a
2022-de febr.-09 15:48:47 p. m. [main] DEBUG org.hibernate.type.BasicTypeRegistry - Adding type registration java.sql.Clob -> org.hibernate.type.ClobType@1a1d3c1a
2022-de febr.-09 15:48:47 p. m. [main] DEBUG org.hibernate.type.BasicTypeRegistry - Adding type registration nclob -> org.hibernate.type.NClobType@704b2127
2022-de febr.-09 15:48:47 p. m. [main] DEBUG org.hibernate.type.BasicTypeRegistry - Adding type registration java.sql.NClob -> org.hibernate.type.NClobType@704b2127
2022-de febr.-09 15:48:47 p. m. [main] DEBUG org.hibernate.type.BasicTypeRegistry - Adding type registration materialized_clob -> org.hibernate.type.MaterializedClobType@2e27d72f
2022-de febr.-09 15:48:47 p. m. [main] DEBUG org.hibernate.type.BasicTypeRegistry - Adding type registration materialized_nclob -> org.hibernate.type.MaterializedNClobType@3b718392
2022-de febr.-09 15:48:47 p. m. [main] DEBUG org.hibernate.type.BasicTypeRegistry - Adding type registration serializable -> org.hibernate.type.SerializableType@5c371e13
2022-de febr.-09 15:48:47 p. m. [main] DEBUG org.hibernate.type.BasicTypeRegistry - Adding type registration object -> org.hibernate.type.ObjectType@438bad7c
2022-de febr.-09 15:48:47 p. m. [main] DEBUG org.hibernate.type.BasicTypeRegistry - Adding type registration java.lang.Object -> org.hibernate.type.ObjectType@438bad7c
2022-de febr.-09 15:48:47 p. m. [main] DEBUG org.hibernate.type.BasicTypeRegistry - Adding type registration imm_date -> org.hibernate.type.AdaptedImmutableType@54f5f647
2022-de febr.-09 15:48:47 p. m. [main] DEBUG org.hibernate.type.BasicTypeRegistry - Adding type registration imm_time -> org.hibernate.type.AdaptedImmutableType@6979efad
2022-de febr.-09 15:48:47 p. m. [main] DEBUG org.hibernate.type.BasicTypeRegistry - Adding type registration imm_timestamp -> org.hibernate.type.AdaptedImmutableType@5a6d5a8f
2022-de febr.-09 15:48:47 p. m. [main] DEBUG org.hibernate.type.BasicTypeRegistry - Adding type registration imm_dbtimestamp -> org.hibernate.type.AdaptedImmutableType@4a67318f
2022-de febr.-09 15:48:47 p. m. [main] DEBUG org.hibernate.type.BasicTypeRegistry - Adding type registration imm_calendar -> org.hibernate.type.AdaptedImmutableType@315ba14a
2022-de febr.-09 15:48:47 p. m. [main] DEBUG org.hibernate.type.BasicTypeRegistry - Adding type registration imm_calendar_date -> org.hibernate.type.AdaptedImmutableType@17f9344b
2022-de febr.-09 15:48:47 p. m. [main] DEBUG org.hibernate.type.BasicTypeRegistry - Adding type registration imm_binary -> org.hibernate.type.AdaptedImmutableType@27f0ad19
2022-de febr.-09 15:48:47 p. m. [main] DEBUG org.hibernate.type.BasicTypeRegistry - Adding type registration imm_serializable -> org.hibernate.type.AdaptedImmutableType@54e81b21
2022-de febr.-09 15:48:47 p. m. [main] DEBUG org.hibernate.boot.jaxb.internal.stax.LocalXmlResourceResolver - Interpreting public/system identifier : [-//Hibernate/Hibernate Mapping DTD 3.0//EN] - [http://hibernate.sourceforge.net/hibernate-mapping-3.0.dtd]
2022-de febr.-09 15:48:47 p. m. [main] WARN  org.hibernate.orm.deprecation - HHH90000012: Recognized obsolete hibernate namespace http://hibernate.sourceforge.net/hibernate-mapping. Use namespace http://www.hibernate.org/dtd/hibernate-mapping instead.  Support for obsolete DTD/XSD namespaces may be removed at any time.
2022-de febr.-09 15:48:47 p. m. [main] DEBUG org.hibernate.boot.jaxb.internal.stax.LocalXmlResourceResolver - Recognized legacy hibernate-mapping identifier; attempting to resolve on classpath under org/hibernate/
2022-de febr.-09 15:48:47 p. m. [main] DEBUG org.hibernate.boot.jaxb.internal.MappingBinder - Performing JAXB binding of hbm.xml document : Origin(name=Stock.hbm.xml,type=RESOURCE)
2022-de febr.-09 15:48:47 p. m. [main] DEBUG org.hibernate.id.factory.internal.DefaultIdentifierGeneratorFactory - Registering IdentifierGenerator strategy [uuid2] -> [org.hibernate.id.UUIDGenerator]
2022-de febr.-09 15:48:47 p. m. [main] DEBUG org.hibernate.id.factory.internal.DefaultIdentifierGeneratorFactory - Registering IdentifierGenerator strategy [guid] -> [org.hibernate.id.GUIDGenerator]
2022-de febr.-09 15:48:47 p. m. [main] DEBUG org.hibernate.id.factory.internal.DefaultIdentifierGeneratorFactory - Registering IdentifierGenerator strategy [uuid] -> [org.hibernate.id.UUIDHexGenerator]
2022-de febr.-09 15:48:47 p. m. [main] DEBUG org.hibernate.id.factory.internal.DefaultIdentifierGeneratorFactory - Registering IdentifierGenerator strategy [uuid.hex] -> [org.hibernate.id.UUIDHexGenerator]
2022-de febr.-09 15:48:47 p. m. [main] DEBUG org.hibernate.id.factory.internal.DefaultIdentifierGeneratorFactory - Registering IdentifierGenerator strategy [assigned] -> [org.hibernate.id.Assigned]
2022-de febr.-09 15:48:47 p. m. [main] DEBUG org.hibernate.id.factory.internal.DefaultIdentifierGeneratorFactory - Registering IdentifierGenerator strategy [identity] -> [org.hibernate.id.IdentityGenerator]
2022-de febr.-09 15:48:47 p. m. [main] DEBUG org.hibernate.id.factory.internal.DefaultIdentifierGeneratorFactory - Registering IdentifierGenerator strategy [select] -> [org.hibernate.id.SelectGenerator]
2022-de febr.-09 15:48:47 p. m. [main] DEBUG org.hibernate.id.factory.internal.DefaultIdentifierGeneratorFactory - Registering IdentifierGenerator strategy [sequence] -> [org.hibernate.id.enhanced.SequenceStyleGenerator]
2022-de febr.-09 15:48:47 p. m. [main] DEBUG org.hibernate.id.factory.internal.DefaultIdentifierGeneratorFactory - Registering IdentifierGenerator strategy [seqhilo] -> [org.hibernate.id.SequenceHiLoGenerator]
2022-de febr.-09 15:48:47 p. m. [main] DEBUG org.hibernate.id.factory.internal.DefaultIdentifierGeneratorFactory - Registering IdentifierGenerator strategy [increment] -> [org.hibernate.id.IncrementGenerator]
2022-de febr.-09 15:48:47 p. m. [main] DEBUG org.hibernate.id.factory.internal.DefaultIdentifierGeneratorFactory - Registering IdentifierGenerator strategy [foreign] -> [org.hibernate.id.ForeignGenerator]
2022-de febr.-09 15:48:47 p. m. [main] DEBUG org.hibernate.id.factory.internal.DefaultIdentifierGeneratorFactory - Registering IdentifierGenerator strategy [sequence-identity] -> [org.hibernate.id.SequenceIdentityGenerator]
2022-de febr.-09 15:48:47 p. m. [main] DEBUG org.hibernate.id.factory.internal.DefaultIdentifierGeneratorFactory - Registering IdentifierGenerator strategy [enhanced-sequence] -> [org.hibernate.id.enhanced.SequenceStyleGenerator]
2022-de febr.-09 15:48:47 p. m. [main] DEBUG org.hibernate.id.factory.internal.DefaultIdentifierGeneratorFactory - Registering IdentifierGenerator strategy [enhanced-table] -> [org.hibernate.id.enhanced.TableGenerator]
2022-de febr.-09 15:48:47 p. m. [main] WARN  org.hibernate.orm.connections.pooling - HHH10001002: Using Hibernate built-in connection pool (not for production use!)
2022-de febr.-09 15:48:47 p. m. [main] INFO  org.hibernate.orm.connections.pooling - HHH10001005: using driver [com.mysql.jdbc.Driver] at URL [jdbc:mysql://localhost:3306/test1?createDatabaseIfNotExist=true]
2022-de febr.-09 15:48:47 p. m. [main] INFO  org.hibernate.orm.connections.pooling - HHH10001001: Connection properties: {password=123456, useUnicode=true, CharSet=utf8, characterEncoding=utf8, user=root}
2022-de febr.-09 15:48:47 p. m. [main] INFO  org.hibernate.orm.connections.pooling - HHH10001003: Autocommit mode: false
2022-de febr.-09 15:48:47 p. m. [main] DEBUG org.hibernate.engine.jdbc.connections.internal.DriverManagerConnectionProviderImpl - Initializing Connection pool with 1 Connections
2022-de febr.-09 15:48:47 p. m. [main] INFO  org.hibernate.engine.jdbc.connections.internal.DriverManagerConnectionProviderImpl - HHH000115: Hibernate connection pool size: 20 (min=1)
2022-de febr.-09 15:48:48 p. m. [main] DEBUG org.hibernate.engine.jdbc.env.internal.JdbcEnvironmentInitiator - Database ->
       name : MySQL
    version : 8.0.27
      major : 8
      minor : 0
2022-de febr.-09 15:48:48 p. m. [main] DEBUG org.hibernate.engine.jdbc.env.internal.JdbcEnvironmentInitiator - Driver ->
       name : MySQL-AB JDBC Driver
    version : mysql-connector-java-5.1.9 ( Revision: ${svn.Revision} )
      major : 5
      minor : 1
2022-de febr.-09 15:48:48 p. m. [main] DEBUG org.hibernate.engine.jdbc.env.internal.JdbcEnvironmentInitiator - JDBC version : 3.0
2022-de febr.-09 15:48:48 p. m. [main] INFO  org.hibernate.dialect.Dialect - HHH000400: Using dialect: org.hibernate.dialect.MySQL5Dialect
2022-de febr.-09 15:48:48 p. m. [main] DEBUG org.hibernate.engine.jdbc.env.spi.IdentifierHelperBuilder - JDBC driver metadata reported database stores quoted identifiers in more than one case
2022-de febr.-09 15:48:48 p. m. [main] DEBUG org.hibernate.engine.jdbc.env.spi.IdentifierHelperBuilder - IdentifierCaseStrategy for both quoted and unquoted identifiers was set to the same strategy [MIXED]; that will likely lead to problems in schema update and validation if using quoted identifiers
2022-de febr.-09 15:48:48 p. m. [main] DEBUG org.hibernate.engine.jdbc.env.internal.DefaultSchemaNameResolver - Unable to use Java 1.7 Connection#getSchema
2022-de febr.-09 15:48:48 p. m. [main] DEBUG org.hibernate.engine.jdbc.env.internal.JdbcEnvironmentImpl - Unable to resolve connection default schema
org.hibernate.HibernateException: Use of DefaultSchemaNameResolver requires Dialect to provide the proper SQL statement/command but provided Dialect [org.hibernate.dialect.MySQL5Dialect] did not return anything from Dialect#getCurrentSchemaCommand
	at org.hibernate.engine.jdbc.env.internal.DefaultSchemaNameResolver$SchemaNameResolverFallbackDelegate.resolveSchemaName(DefaultSchemaNameResolver.java:100) ~[hibernate-core-5.6.5.Final.jar:5.6.5.Final]
	at org.hibernate.engine.jdbc.env.internal.DefaultSchemaNameResolver.resolveSchemaName(DefaultSchemaNameResolver.java:76) ~[hibernate-core-5.6.5.Final.jar:5.6.5.Final]
	at org.hibernate.engine.jdbc.env.internal.JdbcEnvironmentImpl.determineCurrentSchemaName(JdbcEnvironmentImpl.java:315) [hibernate-core-5.6.5.Final.jar:5.6.5.Final]
	at org.hibernate.engine.jdbc.env.internal.JdbcEnvironmentImpl.<init>(JdbcEnvironmentImpl.java:273) [hibernate-core-5.6.5.Final.jar:5.6.5.Final]
	at org.hibernate.engine.jdbc.env.internal.JdbcEnvironmentInitiator.initiateService(JdbcEnvironmentInitiator.java:114) [hibernate-core-5.6.5.Final.jar:5.6.5.Final]
	at org.hibernate.engine.jdbc.env.internal.JdbcEnvironmentInitiator.initiateService(JdbcEnvironmentInitiator.java:35) [hibernate-core-5.6.5.Final.jar:5.6.5.Final]
	at org.hibernate.boot.registry.internal.StandardServiceRegistryImpl.initiateService(StandardServiceRegistryImpl.java:101) [hibernate-core-5.6.5.Final.jar:5.6.5.Final]
	at org.hibernate.service.internal.AbstractServiceRegistryImpl.createService(AbstractServiceRegistryImpl.java:263) [hibernate-core-5.6.5.Final.jar:5.6.5.Final]
	at org.hibernate.service.internal.AbstractServiceRegistryImpl.initializeService(AbstractServiceRegistryImpl.java:237) [hibernate-core-5.6.5.Final.jar:5.6.5.Final]
	at org.hibernate.service.internal.AbstractServiceRegistryImpl.getService(AbstractServiceRegistryImpl.java:214) [hibernate-core-5.6.5.Final.jar:5.6.5.Final]
	at org.hibernate.id.factory.internal.DefaultIdentifierGeneratorFactory.injectServices(DefaultIdentifierGeneratorFactory.java:175) [hibernate-core-5.6.5.Final.jar:5.6.5.Final]
	at org.hibernate.service.internal.AbstractServiceRegistryImpl.injectDependencies(AbstractServiceRegistryImpl.java:286) [hibernate-core-5.6.5.Final.jar:5.6.5.Final]
	at org.hibernate.service.internal.AbstractServiceRegistryImpl.initializeService(AbstractServiceRegistryImpl.java:243) [hibernate-core-5.6.5.Final.jar:5.6.5.Final]
	at org.hibernate.service.internal.AbstractServiceRegistryImpl.getService(AbstractServiceRegistryImpl.java:214) [hibernate-core-5.6.5.Final.jar:5.6.5.Final]
	at org.hibernate.boot.internal.InFlightMetadataCollectorImpl.<init>(InFlightMetadataCollectorImpl.java:173) [hibernate-core-5.6.5.Final.jar:5.6.5.Final]
	at org.hibernate.boot.model.process.spi.MetadataBuildingProcess.complete(MetadataBuildingProcess.java:127) [hibernate-core-5.6.5.Final.jar:5.6.5.Final]
	at org.hibernate.boot.model.process.spi.MetadataBuildingProcess.build(MetadataBuildingProcess.java:86) [hibernate-core-5.6.5.Final.jar:5.6.5.Final]
	at org.hibernate.boot.internal.MetadataBuilderImpl.build(MetadataBuilderImpl.java:479) [hibernate-core-5.6.5.Final.jar:5.6.5.Final]
	at org.hibernate.boot.internal.MetadataBuilderImpl.build(MetadataBuilderImpl.java:85) [hibernate-core-5.6.5.Final.jar:5.6.5.Final]
	at org.hibernate.cfg.Configuration.buildSessionFactory(Configuration.java:709) [hibernate-core-5.6.5.Final.jar:5.6.5.Final]
	at org.hibernate.cfg.Configuration.buildSessionFactory(Configuration.java:746) [hibernate-core-5.6.5.Final.jar:5.6.5.Final]
	at App.main(App.java:23) [classes/:?]
2022-de febr.-09 15:48:48 p. m. [main] DEBUG org.hibernate.engine.jdbc.env.internal.LobCreatorBuilderImpl - HHH000423: Disabling contextual LOB creation as JDBC driver reported JDBC version [3] less than 4
2022-de febr.-09 15:48:48 p. m. [main] DEBUG org.hibernate.type.spi.TypeConfiguration$Scope - Scoping TypeConfiguration [org.hibernate.type.spi.TypeConfiguration@31133b6e] to MetadataBuildingContext [org.hibernate.boot.internal.MetadataBuildingContextRootImpl@29528a22]
2022-de febr.-09 15:48:48 p. m. [main] DEBUG org.hibernate.boot.model.relational.Namespace - Created database namespace [logicalName=Name{catalog=null, schema=null}, physicalName=Name{catalog=null, schema=null}]
2022-de febr.-09 15:48:48 p. m. [main] DEBUG org.hibernate.boot.model.source.internal.hbm.ModelBinder - Mapping class: entitats.Stock -> stock
2022-de febr.-09 15:48:48 p. m. [main] DEBUG org.hibernate.boot.model.source.internal.hbm.ModelBinder - Mapped property: stockId -> [STOCK_ID]
2022-de febr.-09 15:48:48 p. m. [main] DEBUG org.hibernate.mapping.PrimaryKey - Forcing column [stock_id] to be non-null as it is part of the primary key for table [stock]
2022-de febr.-09 15:48:48 p. m. [main] DEBUG org.hibernate.boot.model.source.internal.hbm.ModelBinder - Mapped property: stockCode -> [STOCK_CODE]
2022-de febr.-09 15:48:48 p. m. [main] DEBUG org.hibernate.boot.model.source.internal.hbm.ModelBinder - Mapped property: stockName -> [STOCK_NAME]
2022-de febr.-09 15:48:48 p. m. [main] DEBUG org.hibernate.internal.SessionFactoryImpl - Building session factory
2022-de febr.-09 15:48:48 p. m. [main] DEBUG org.hibernate.cfg.Settings - SessionFactory name : null
2022-de febr.-09 15:48:48 p. m. [main] DEBUG org.hibernate.cfg.Settings - Automatic flush during beforeCompletion(): enabled
2022-de febr.-09 15:48:48 p. m. [main] DEBUG org.hibernate.cfg.Settings - Automatic session close at end of transaction: disabled
2022-de febr.-09 15:48:48 p. m. [main] DEBUG org.hibernate.cfg.Settings - Statistics: disabled
2022-de febr.-09 15:48:48 p. m. [main] DEBUG org.hibernate.cfg.Settings - Deleted entity synthetic identifier rollback: disabled
2022-de febr.-09 15:48:48 p. m. [main] DEBUG org.hibernate.cfg.Settings - Default entity-mode: pojo
2022-de febr.-09 15:48:48 p. m. [main] DEBUG org.hibernate.cfg.Settings - Check Nullability in Core (should be disabled when Bean Validation is on): enabled
2022-de febr.-09 15:48:48 p. m. [main] DEBUG org.hibernate.cfg.Settings - Allow initialization of lazy state outside session : disabled
2022-de febr.-09 15:48:48 p. m. [main] DEBUG org.hibernate.cfg.Settings - Using BatchFetchStyle : LEGACY
2022-de febr.-09 15:48:48 p. m. [main] DEBUG org.hibernate.cfg.Settings - Default batch fetch size: -1
2022-de febr.-09 15:48:48 p. m. [main] DEBUG org.hibernate.cfg.Settings - Maximum outer join fetch depth: 2
2022-de febr.-09 15:48:48 p. m. [main] DEBUG org.hibernate.cfg.Settings - Default null ordering: NONE
2022-de febr.-09 15:48:48 p. m. [main] DEBUG org.hibernate.cfg.Settings - Order SQL updates by primary key: disabled
2022-de febr.-09 15:48:48 p. m. [main] DEBUG org.hibernate.cfg.Settings - Order SQL inserts for batching: disabled
2022-de febr.-09 15:48:48 p. m. [main] DEBUG org.hibernate.cfg.Settings - multi-tenancy strategy : NONE
2022-de febr.-09 15:48:48 p. m. [main] DEBUG org.hibernate.cfg.Settings - JTA Track by Thread: enabled
2022-de febr.-09 15:48:48 p. m. [main] DEBUG org.hibernate.cfg.Settings - Query language substitutions: {}
2022-de febr.-09 15:48:48 p. m. [main] DEBUG org.hibernate.cfg.Settings - Named query checking : enabled
2022-de febr.-09 15:48:48 p. m. [main] DEBUG org.hibernate.cfg.Settings - Second-level cache: disabled
2022-de febr.-09 15:48:48 p. m. [main] DEBUG org.hibernate.cfg.Settings - Second-level query cache: disabled
2022-de febr.-09 15:48:48 p. m. [main] DEBUG org.hibernate.cfg.Settings - Second-level query cache factory: null
2022-de febr.-09 15:48:48 p. m. [main] DEBUG org.hibernate.cfg.Settings - Second-level cache region prefix: null
2022-de febr.-09 15:48:48 p. m. [main] DEBUG org.hibernate.cfg.Settings - Optimize second-level cache for minimal puts: disabled
2022-de febr.-09 15:48:48 p. m. [main] DEBUG org.hibernate.cfg.Settings - Structured second-level cache entries: disabled
2022-de febr.-09 15:48:48 p. m. [main] DEBUG org.hibernate.cfg.Settings - Second-level cache direct-reference entries: disabled
2022-de febr.-09 15:48:48 p. m. [main] DEBUG org.hibernate.cfg.Settings - Automatic eviction of collection cache: disabled
2022-de febr.-09 15:48:48 p. m. [main] DEBUG org.hibernate.cfg.Settings - JDBC batch size: 15
2022-de febr.-09 15:48:48 p. m. [main] DEBUG org.hibernate.cfg.Settings - JDBC batch updates for versioned data: enabled
2022-de febr.-09 15:48:48 p. m. [main] DEBUG org.hibernate.cfg.Settings - Scrollable result sets: enabled
2022-de febr.-09 15:48:48 p. m. [main] DEBUG org.hibernate.cfg.Settings - Wrap result sets: disabled
2022-de febr.-09 15:48:48 p. m. [main] DEBUG org.hibernate.cfg.Settings - JDBC3 getGeneratedKeys(): enabled
2022-de febr.-09 15:48:48 p. m. [main] DEBUG org.hibernate.cfg.Settings - JDBC result set fetch size: null
2022-de febr.-09 15:48:48 p. m. [main] DEBUG org.hibernate.cfg.Settings - Connection release mode: AFTER_TRANSACTION
2022-de febr.-09 15:48:48 p. m. [main] DEBUG org.hibernate.cfg.Settings - Generate SQL with comments: disabled
2022-de febr.-09 15:48:48 p. m. [main] DEBUG org.hibernate.cfg.Settings - JPA compliance - query : disabled
2022-de febr.-09 15:48:48 p. m. [main] DEBUG org.hibernate.cfg.Settings - JPA compliance - closed-handling : disabled
2022-de febr.-09 15:48:48 p. m. [main] DEBUG org.hibernate.cfg.Settings - JPA compliance - lists : disabled
2022-de febr.-09 15:48:48 p. m. [main] DEBUG org.hibernate.cfg.Settings - JPA compliance - transactions : disabled
2022-de febr.-09 15:48:48 p. m. [main] DEBUG org.hibernate.boot.internal.ClassLoaderAccessImpl - Not known whether passed class name [entitats.Stock] is safe
2022-de febr.-09 15:48:48 p. m. [main] DEBUG org.hibernate.boot.internal.ClassLoaderAccessImpl - No temp ClassLoader provided; using live ClassLoader for loading potentially unsafe class : entitats.Stock
2022-de febr.-09 15:48:48 p. m. [main] DEBUG org.hibernate.service.internal.SessionFactoryServiceRegistryImpl - EventListenerRegistry access via ServiceRegistry is deprecated.  Use `sessionFactory.getEventEngine().getListenerRegistry()` instead
2022-de febr.-09 15:48:48 p. m. [main] DEBUG org.hibernate.service.internal.SessionFactoryServiceRegistryImpl - EventListenerRegistry access via ServiceRegistry is deprecated.  Use `sessionFactory.getEventEngine().getListenerRegistry()` instead
2022-de febr.-09 15:48:48 p. m. [main] DEBUG org.hibernate.internal.SessionFactoryImpl - Session factory constructed with filter configurations : {}
2022-de febr.-09 15:48:48 p. m. [main] DEBUG org.hibernate.internal.SessionFactoryImpl - Instantiating session factory with properties: {sun.desktop=gnome, awt.toolkit=sun.awt.X11.XToolkit, hibernate.connection.characterEncoding=utf8, java.specification.version=11, sun.cpu.isalist=, sun.jnu.encoding=UTF-8, hibernate.dialect=org.hibernate.dialect.MySQL5Dialect, java.class.path=/home/manel/NetBeansProjects/HibernateMappingExemple/target/classes:/home/manel/.m2/repository/mysql/mysql-connector-java/5.1.9/mysql-connector-java-5.1.9.jar:/home/manel/.m2/repository/org/hibernate/hibernate-core/5.6.5.Final/hibernate-core-5.6.5.Final.jar:/home/manel/.m2/repository/org/jboss/logging/jboss-logging/3.4.3.Final/jboss-logging-3.4.3.Final.jar:/home/manel/.m2/repository/javax/persistence/javax.persistence-api/2.2/javax.persistence-api-2.2.jar:/home/manel/.m2/repository/net/bytebuddy/byte-buddy/1.12.7/byte-buddy-1.12.7.jar:/home/manel/.m2/repository/antlr/antlr/2.7.7/antlr-2.7.7.jar:/home/manel/.m2/repository/org/jboss/spec/javax/transaction/jboss-transaction-api_1.2_spec/1.1.1.Final/jboss-transaction-api_1.2_spec-1.1.1.Final.jar:/home/manel/.m2/repository/org/jboss/jandex/2.4.2.Final/jandex-2.4.2.Final.jar:/home/manel/.m2/repository/com/fasterxml/classmate/1.5.1/classmate-1.5.1.jar:/home/manel/.m2/repository/javax/activation/javax.activation-api/1.2.0/javax.activation-api-1.2.0.jar:/home/manel/.m2/repository/org/hibernate/common/hibernate-commons-annotations/5.1.2.Final/hibernate-commons-annotations-5.1.2.Final.jar:/home/manel/.m2/repository/javax/xml/bind/jaxb-api/2.3.1/jaxb-api-2.3.1.jar:/home/manel/.m2/repository/org/glassfish/jaxb/jaxb-runtime/2.3.1/jaxb-runtime-2.3.1.jar:/home/manel/.m2/repository/org/glassfish/jaxb/txw2/2.3.1/txw2-2.3.1.jar:/home/manel/.m2/repository/com/sun/istack/istack-commons-runtime/3.0.7/istack-commons-runtime-3.0.7.jar:/home/manel/.m2/repository/org/jvnet/staxex/stax-ex/1.8/stax-ex-1.8.jar:/home/manel/.m2/repository/com/sun/xml/fastinfoset/FastInfoset/1.2.15/FastInfoset-1.2.15.jar:/home/manel/.m2/repository/org/apache/logging/log4j/log4j-core/2.8.2/log4j-core-2.8.2.jar:/home/manel/.m2/repository/org/apache/logging/log4j/log4j-api/2.8.2/log4j-api-2.8.2.jar, java.vm.vendor=Ubuntu, sun.arch.data.model=64, hbm2ddl.auto=create-drop, java.vendor.url=https://ubuntu.com/, user.timezone=Europe/Madrid, os.name=Linux, java.vm.specification.version=11, sun.java.launcher=SUN_STANDARD, user.country=ES, sun.boot.library.path=/usr/lib/jvm/java-11-openjdk-amd64/lib, sun.java.command=App, jdk.debug=release, sun.cpu.endian=little, user.home=/home/manel, user.language=ca, java.specification.vendor=Oracle Corporation, java.version.date=2021-10-19, java.home=/usr/lib/jvm/java-11-openjdk-amd64, file.separator=/, java.vm.compressedOopsMode=32-bit, line.separator=
, java.specification.name=Java Platform API Specification, java.vm.specification.vendor=Oracle Corporation, java.awt.graphicsenv=sun.awt.X11GraphicsEnvironment, hibernate.connection.CharSet=utf8, hibernate.hbm2ddl.auto=create-drop, sun.management.compiler=HotSpot 64-Bit Tiered Compilers, hibernate.connection.useUnicode=true, java.runtime.version=11.0.13+8-Ubuntu-0ubuntu1.20.04, user.name=manel, path.separator=:, hibernate.connection.username=****, os.version=5.13.0-28-generic, java.runtime.name=OpenJDK Runtime Environment, hibernate.connection.url=jdbc:mysql://localhost:3306/test1?createDatabaseIfNotExist=true, file.encoding=UTF-8, java.vm.name=OpenJDK 64-Bit Server VM, hibernate.show_sql=true, show_sql=true, hibernate.connection.driver_class=com.mysql.jdbc.Driver, java.vendor.url.bug=https://bugs.launchpad.net/ubuntu/+source/openjdk-lts, java.io.tmpdir=/tmp, java.version=11.0.13, user.dir=/home/manel/NetBeansProjects/HibernateMappingExemple, os.arch=amd64, java.vm.specification.name=Java Virtual Machine Specification, java.awt.printerjob=sun.print.PSPrinterJob, hibernate.connection.password=****, sun.os.patch.level=unknown, hibernate.boot.CfgXmlAccessService.key=org.hibernate.boot.cfgxml.spi.LoadedConfig@3a175162, java.library.path=/usr/java/packages/lib:/usr/lib/x86_64-linux-gnu/jni:/lib/x86_64-linux-gnu:/usr/lib/x86_64-linux-gnu:/usr/lib/jni:/lib:/usr/lib, java.vendor=Ubuntu, java.vm.info=mixed mode, sharing, java.vm.version=11.0.13+8-Ubuntu-0ubuntu1.20.04, hibernate.bytecode.use_reflection_optimizer=false, sun.io.unicode.encoding=UnicodeLittle, java.class.version=55.0}
2022-de febr.-09 15:48:48 p. m. [main] DEBUG org.hibernate.secure.spi.JaccIntegrator - Skipping JACC integration as it was not enabled
2022-de febr.-09 15:48:48 p. m. [main] DEBUG org.hibernate.internal.SessionFactoryImpl - Instantiated session factory
2022-de febr.-09 15:48:48 p. m. [main] DEBUG org.hibernate.type.spi.TypeConfiguration$Scope - Scoping TypeConfiguration [org.hibernate.type.spi.TypeConfiguration@31133b6e] to SessionFactoryImpl [org.hibernate.internal.SessionFactoryImpl@8deb645]
2022-de febr.-09 15:48:48 p. m. [main] DEBUG org.hibernate.boot.internal.ClassLoaderAccessImpl - Not known whether passed class name [entitats.Stock] is safe
2022-de febr.-09 15:48:48 p. m. [main] DEBUG org.hibernate.boot.internal.ClassLoaderAccessImpl - No temp ClassLoader provided; using live ClassLoader for loading potentially unsafe class : entitats.Stock
2022-de febr.-09 15:48:48 p. m. [main] DEBUG org.hibernate.persister.entity.AbstractEntityPersister - Static SQL for entity: entitats.Stock
2022-de febr.-09 15:48:48 p. m. [main] DEBUG org.hibernate.persister.entity.AbstractEntityPersister -  Version select: select STOCK_ID from stock where STOCK_ID =?
2022-de febr.-09 15:48:48 p. m. [main] DEBUG org.hibernate.persister.entity.AbstractEntityPersister -  Snapshot select: select stock_.STOCK_ID, stock_.STOCK_CODE as stock_co2_0_, stock_.STOCK_NAME as stock_na3_0_ from stock stock_ where stock_.STOCK_ID=?
2022-de febr.-09 15:48:48 p. m. [main] DEBUG org.hibernate.persister.entity.AbstractEntityPersister -  Insert 0: insert into stock (STOCK_CODE, STOCK_NAME, STOCK_ID) values (?, ?, ?)
2022-de febr.-09 15:48:48 p. m. [main] DEBUG org.hibernate.persister.entity.AbstractEntityPersister -  Update 0: update stock set STOCK_CODE=?, STOCK_NAME=? where STOCK_ID=?
2022-de febr.-09 15:48:48 p. m. [main] DEBUG org.hibernate.persister.entity.AbstractEntityPersister -  Delete 0: delete from stock where STOCK_ID=?
2022-de febr.-09 15:48:48 p. m. [main] DEBUG org.hibernate.persister.entity.AbstractEntityPersister -  Identity insert: insert into stock (STOCK_CODE, STOCK_NAME) values (?, ?)
2022-de febr.-09 15:48:48 p. m. [main] DEBUG org.hibernate.loader.plan.build.internal.spaces.QuerySpacesImpl - Adding QuerySpace : uid = <gen:0> -> org.hibernate.loader.plan.build.internal.spaces.EntityQuerySpaceImpl@76a805b7]
2022-de febr.-09 15:48:48 p. m. [main] DEBUG org.hibernate.persister.walking.spi.MetamodelGraphWalker - Visiting attribute path : stockCode
2022-de febr.-09 15:48:48 p. m. [main] DEBUG org.hibernate.persister.walking.spi.MetamodelGraphWalker - Visiting attribute path : stockName
2022-de febr.-09 15:48:48 p. m. [main] DEBUG org.hibernate.loader.plan.build.internal.FetchStyleLoadPlanBuildingAssociationVisitationStrategy - Building LoadPlan...
2022-de febr.-09 15:48:48 p. m. [main] DEBUG org.hibernate.loader.plan.exec.internal.LoadQueryJoinAndFetchProcessor - processing queryspace <gen:0>
2022-de febr.-09 15:48:48 p. m. [main] DEBUG org.hibernate.loader.plan.build.spi.LoadPlanTreePrinter - LoadPlan(entity=entitats.Stock)
    - Returns
       - EntityReturnImpl(entity=entitats.Stock, querySpaceUid=<gen:0>, path=entitats.Stock)
    - QuerySpaces
       - EntityQuerySpaceImpl(uid=<gen:0>, entity=entitats.Stock)
          - SQL table alias mapping - stock0_
          - alias suffix - 0_
          - suffixed key columns - {stock_id1_0_0_}

2022-de febr.-09 15:48:48 p. m. [main] DEBUG org.hibernate.loader.entity.plan.EntityLoader - Static select for entity entitats.Stock [NONE]: select stock0_.STOCK_ID as stock_id1_0_0_, stock0_.STOCK_CODE as stock_co2_0_0_, stock0_.STOCK_NAME as stock_na3_0_0_ from stock stock0_ where stock0_.STOCK_ID=?
2022-de febr.-09 15:48:48 p. m. [main] DEBUG org.hibernate.SQL - drop table if exists stock
2022-de febr.-09 15:48:48 p. m. [main] INFO  org.hibernate.orm.connections.access - HHH10001501: Connection obtained from JdbcConnectionAccess [org.hibernate.engine.jdbc.env.internal.JdbcEnvironmentInitiator$ConnectionProviderJdbcConnectionAccess@5f36c8e3] for (non-JTA) DDL execution was not in auto-commit mode; the Connection 'local transaction' will be committed and the Connection will be set into auto-commit mode.
2022-de febr.-09 15:48:48 p. m. [main] DEBUG org.hibernate.SQL - create table stock (STOCK_ID integer not null auto_increment, STOCK_CODE varchar(10) not null, STOCK_NAME varchar(20) not null, primary key (STOCK_ID)) engine=MyISAM
2022-de febr.-09 15:48:48 p. m. [main] INFO  org.hibernate.orm.connections.access - HHH10001501: Connection obtained from JdbcConnectionAccess [org.hibernate.engine.jdbc.env.internal.JdbcEnvironmentInitiator$ConnectionProviderJdbcConnectionAccess@2c7db926] for (non-JTA) DDL execution was not in auto-commit mode; the Connection 'local transaction' will be committed and the Connection will be set into auto-commit mode.
2022-de febr.-09 15:48:48 p. m. [main] DEBUG org.hibernate.SQL - alter table stock add constraint UK_j1y49jqhck84j782fojvrk55w unique (STOCK_CODE)
2022-de febr.-09 15:48:48 p. m. [main] DEBUG org.hibernate.SQL - alter table stock add constraint UK_id2u76pv39wuq1txaomuw9ita unique (STOCK_NAME)
2022-de febr.-09 15:48:48 p. m. [main] DEBUG org.hibernate.engine.transaction.jta.platform.internal.JtaPlatformInitiator - No JtaPlatform was specified, checking resolver
2022-de febr.-09 15:48:48 p. m. [main] DEBUG org.hibernate.engine.transaction.jta.platform.internal.JtaPlatformResolverInitiator - No JtaPlatformResolver was specified, using default [org.hibernate.engine.transaction.jta.platform.internal.StandardJtaPlatformResolver]
2022-de febr.-09 15:48:48 p. m. [main] DEBUG org.hibernate.engine.transaction.jta.platform.internal.StandardJtaPlatformResolver - Could not resolve JtaPlatform, using default [org.hibernate.engine.transaction.jta.platform.internal.NoJtaPlatform]
2022-de febr.-09 15:48:48 p. m. [main] INFO  org.hibernate.engine.transaction.jta.platform.internal.JtaPlatformInitiator - HHH000490: Using JtaPlatform implementation: [org.hibernate.engine.transaction.jta.platform.internal.NoJtaPlatform]
2022-de febr.-09 15:48:48 p. m. [main] DEBUG org.hibernate.query.spi.NamedQueryRepository - Checking 0 named HQL queries
2022-de febr.-09 15:48:48 p. m. [main] DEBUG org.hibernate.query.spi.NamedQueryRepository - Checking 0 named SQL queries
2022-de febr.-09 15:48:48 p. m. [main] DEBUG org.hibernate.service.internal.SessionFactoryServiceRegistryImpl - EventListenerRegistry access via ServiceRegistry is deprecated.  Use `sessionFactory.getEventEngine().getListenerRegistry()` instead
2022-de febr.-09 15:48:48 p. m. [main] DEBUG org.hibernate.internal.SessionFactoryRegistry - Initializing SessionFactoryRegistry : org.hibernate.internal.SessionFactoryRegistry@70025b99
2022-de febr.-09 15:48:48 p. m. [main] DEBUG org.hibernate.internal.SessionFactoryRegistry - Registering SessionFactory: 1ae43f17-b40b-428d-a88a-53c19f830abd (<unnamed>)
2022-de febr.-09 15:48:48 p. m. [main] DEBUG org.hibernate.internal.SessionFactoryRegistry - Not binding SessionFactory to JNDI, no JNDI name configured
2022-de febr.-09 15:48:48 p. m. [main] DEBUG org.hibernate.stat.internal.StatisticsInitiator - Statistics initialized [enabled=false]
2022-de febr.-09 15:48:48 p. m. [main] INFO  App - Obrim transaccio
2022-de febr.-09 15:48:48 p. m. [main] DEBUG org.hibernate.engine.transaction.internal.TransactionImpl - On TransactionImpl creation, JpaCompliance#isJpaTransactionComplianceEnabled == false
2022-de febr.-09 15:48:48 p. m. [main] DEBUG org.hibernate.engine.transaction.internal.TransactionImpl - begin
2022-de febr.-09 15:48:48 p. m. [main] DEBUG org.hibernate.engine.spi.ActionQueue - Executing identity-insert immediately
2022-de febr.-09 15:48:48 p. m. [main] DEBUG org.hibernate.SQL - insert into stock (STOCK_CODE, STOCK_NAME) values (?, ?)
2022-de febr.-09 15:48:48 p. m. [main] DEBUG org.hibernate.id.IdentifierGeneratorHelper - Natively generated identity: 1
2022-de febr.-09 15:48:48 p. m. [main] DEBUG org.hibernate.resource.jdbc.internal.ResourceRegistryStandardImpl - HHH000387: ResultSet's statement was not registered
2022-de febr.-09 15:48:48 p. m. [main] DEBUG org.hibernate.engine.spi.ActionQueue - Executing identity-insert immediately
2022-de febr.-09 15:48:48 p. m. [main] DEBUG org.hibernate.SQL - insert into stock (STOCK_CODE, STOCK_NAME) values (?, ?)
2022-de febr.-09 15:48:48 p. m. [main] DEBUG org.hibernate.id.IdentifierGeneratorHelper - Natively generated identity: 2
2022-de febr.-09 15:48:48 p. m. [main] DEBUG org.hibernate.resource.jdbc.internal.ResourceRegistryStandardImpl - HHH000387: ResultSet's statement was not registered
2022-de febr.-09 15:48:48 p. m. [main] DEBUG org.hibernate.engine.spi.ActionQueue - Executing identity-insert immediately
2022-de febr.-09 15:48:48 p. m. [main] DEBUG org.hibernate.SQL - insert into stock (STOCK_CODE, STOCK_NAME) values (?, ?)
2022-de febr.-09 15:48:48 p. m. [main] DEBUG org.hibernate.engine.jdbc.spi.SqlExceptionHelper - could not execute statement [n/a]
com.mysql.jdbc.exceptions.jdbc4.MySQLIntegrityConstraintViolationException: Duplicate entry '4716' for key 'stock.UK_j1y49jqhck84j782fojvrk55w'
	at jdk.internal.reflect.NativeConstructorAccessorImpl.newInstance0(Native Method) ~[?:?]
	at jdk.internal.reflect.NativeConstructorAccessorImpl.newInstance(NativeConstructorAccessorImpl.java:62) ~[?:?]
	at jdk.internal.reflect.DelegatingConstructorAccessorImpl.newInstance(DelegatingConstructorAccessorImpl.java:45) ~[?:?]
	at java.lang.reflect.Constructor.newInstance(Constructor.java:490) ~[?:?]
	at com.mysql.jdbc.Util.handleNewInstance(Util.java:406) ~[mysql-connector-java-5.1.9.jar:?]
	at com.mysql.jdbc.Util.getInstance(Util.java:381) ~[mysql-connector-java-5.1.9.jar:?]
	at com.mysql.jdbc.SQLError.createSQLException(SQLError.java:1015) ~[mysql-connector-java-5.1.9.jar:?]
	at com.mysql.jdbc.SQLError.createSQLException(SQLError.java:956) ~[mysql-connector-java-5.1.9.jar:?]
	at com.mysql.jdbc.MysqlIO.checkErrorPacket(MysqlIO.java:3558) ~[mysql-connector-java-5.1.9.jar:?]
	at com.mysql.jdbc.MysqlIO.checkErrorPacket(MysqlIO.java:3490) ~[mysql-connector-java-5.1.9.jar:?]
	at com.mysql.jdbc.MysqlIO.sendCommand(MysqlIO.java:1959) ~[mysql-connector-java-5.1.9.jar:?]
	at com.mysql.jdbc.MysqlIO.sqlQueryDirect(MysqlIO.java:2109) ~[mysql-connector-java-5.1.9.jar:?]
	at com.mysql.jdbc.ConnectionImpl.execSQL(ConnectionImpl.java:2643) ~[mysql-connector-java-5.1.9.jar:?]
	at com.mysql.jdbc.PreparedStatement.executeInternal(PreparedStatement.java:2077) ~[mysql-connector-java-5.1.9.jar:?]
	at com.mysql.jdbc.PreparedStatement.executeUpdate(PreparedStatement.java:2362) ~[mysql-connector-java-5.1.9.jar:?]
	at com.mysql.jdbc.PreparedStatement.executeUpdate(PreparedStatement.java:2280) ~[mysql-connector-java-5.1.9.jar:?]
	at com.mysql.jdbc.PreparedStatement.executeUpdate(PreparedStatement.java:2265) ~[mysql-connector-java-5.1.9.jar:?]
	at org.hibernate.engine.jdbc.internal.ResultSetReturnImpl.executeUpdate(ResultSetReturnImpl.java:197) ~[hibernate-core-5.6.5.Final.jar:5.6.5.Final]
	at org.hibernate.dialect.identity.GetGeneratedKeysDelegate.executeAndExtract(GetGeneratedKeysDelegate.java:58) ~[hibernate-core-5.6.5.Final.jar:5.6.5.Final]
	at org.hibernate.id.insert.AbstractReturningDelegate.performInsert(AbstractReturningDelegate.java:43) ~[hibernate-core-5.6.5.Final.jar:5.6.5.Final]
	at org.hibernate.persister.entity.AbstractEntityPersister.insert(AbstractEntityPersister.java:3279) ~[hibernate-core-5.6.5.Final.jar:5.6.5.Final]
	at org.hibernate.persister.entity.AbstractEntityPersister.insert(AbstractEntityPersister.java:3885) ~[hibernate-core-5.6.5.Final.jar:5.6.5.Final]
	at org.hibernate.action.internal.EntityIdentityInsertAction.execute(EntityIdentityInsertAction.java:84) ~[hibernate-core-5.6.5.Final.jar:5.6.5.Final]
	at org.hibernate.engine.spi.ActionQueue.execute(ActionQueue.java:645) ~[hibernate-core-5.6.5.Final.jar:5.6.5.Final]
	at org.hibernate.engine.spi.ActionQueue.addResolvedEntityInsertAction(ActionQueue.java:282) ~[hibernate-core-5.6.5.Final.jar:5.6.5.Final]
	at org.hibernate.engine.spi.ActionQueue.addInsertAction(ActionQueue.java:263) ~[hibernate-core-5.6.5.Final.jar:5.6.5.Final]
	at org.hibernate.engine.spi.ActionQueue.addAction(ActionQueue.java:317) ~[hibernate-core-5.6.5.Final.jar:5.6.5.Final]
	at org.hibernate.event.internal.AbstractSaveEventListener.addInsertAction(AbstractSaveEventListener.java:330) ~[hibernate-core-5.6.5.Final.jar:5.6.5.Final]
	at org.hibernate.event.internal.AbstractSaveEventListener.performSaveOrReplicate(AbstractSaveEventListener.java:287) ~[hibernate-core-5.6.5.Final.jar:5.6.5.Final]
	at org.hibernate.event.internal.AbstractSaveEventListener.performSave(AbstractSaveEventListener.java:193) ~[hibernate-core-5.6.5.Final.jar:5.6.5.Final]
	at org.hibernate.event.internal.AbstractSaveEventListener.saveWithGeneratedId(AbstractSaveEventListener.java:123) ~[hibernate-core-5.6.5.Final.jar:5.6.5.Final]
	at org.hibernate.event.internal.DefaultSaveOrUpdateEventListener.saveWithGeneratedOrRequestedId(DefaultSaveOrUpdateEventListener.java:194) ~[hibernate-core-5.6.5.Final.jar:5.6.5.Final]
	at org.hibernate.event.internal.DefaultSaveEventListener.saveWithGeneratedOrRequestedId(DefaultSaveEventListener.java:38) ~[hibernate-core-5.6.5.Final.jar:5.6.5.Final]
	at org.hibernate.event.internal.DefaultSaveOrUpdateEventListener.entityIsTransient(DefaultSaveOrUpdateEventListener.java:179) ~[hibernate-core-5.6.5.Final.jar:5.6.5.Final]
	at org.hibernate.event.internal.DefaultSaveEventListener.performSaveOrUpdate(DefaultSaveEventListener.java:32) ~[hibernate-core-5.6.5.Final.jar:5.6.5.Final]
	at org.hibernate.event.internal.DefaultSaveOrUpdateEventListener.onSaveOrUpdate(DefaultSaveOrUpdateEventListener.java:75) ~[hibernate-core-5.6.5.Final.jar:5.6.5.Final]
	at org.hibernate.event.service.internal.EventListenerGroupImpl.fireEventOnEachListener(EventListenerGroupImpl.java:107) [hibernate-core-5.6.5.Final.jar:5.6.5.Final]
	at org.hibernate.internal.SessionImpl.fireSave(SessionImpl.java:676) [hibernate-core-5.6.5.Final.jar:5.6.5.Final]
	at org.hibernate.internal.SessionImpl.save(SessionImpl.java:669) [hibernate-core-5.6.5.Final.jar:5.6.5.Final]
	at org.hibernate.internal.SessionImpl.save(SessionImpl.java:664) [hibernate-core-5.6.5.Final.jar:5.6.5.Final]
	at App.main(App.java:53) [classes/:?]
2022-de febr.-09 15:48:48 p. m. [main] WARN  org.hibernate.engine.jdbc.spi.SqlExceptionHelper - SQL Error: 1062, SQLState: 23000
2022-de febr.-09 15:48:48 p. m. [main] ERROR org.hibernate.engine.jdbc.spi.SqlExceptionHelper - Duplicate entry '4716' for key 'stock.UK_j1y49jqhck84j782fojvrk55w'
2022-de febr.-09 15:48:48 p. m. [main] DEBUG org.hibernate.engine.transaction.internal.TransactionImpl - rolling back
2022-de febr.-09 15:48:48 p. m. [main] DEBUG org.hibernate.resource.jdbc.internal.LogicalConnectionManagedImpl - Initiating JDBC connection release from afterTransaction
2022-de febr.-09 15:48:48 p. m. [main] DEBUG org.hibernate.resource.jdbc.internal.LogicalConnectionManagedImpl - Initiating JDBC connection release from afterTransaction
2022-de febr.-09 15:48:48 p. m. [main] ERROR App - Violació de la restricció: stock.UK_j1y49jqhck84j782fojvrk55w
