2022-02-12 11:47:56 [main] DEBUG org.hibernate.SQL - drop table if exists test1.Customer
2022-02-12 11:47:57 [main] DEBUG org.hibernate.SQL - drop table if exists test1.Stock
2022-02-12 11:47:57 [main] DEBUG org.hibernate.SQL - create table test1.Customer (idCustomer integer not null auto_increment, addressLine1 varchar(50) not null, addressLine2 varchar(50), city varchar(25) not null, contactFirstName varchar(50), contactLastName varchar(50), country varchar(25) not null, creditLimit float, customerName varchar(50) not null, dni varchar(12), phone varchar(25), postalCode varchar(10), salesRepEmployeeNumber integer, state varchar(25), primary key (idCustomer)) engine=MyISAM
2022-02-12 11:47:57 [main] DEBUG org.hibernate.SQL - create table test1.Stock (STOCK_ID integer not null auto_increment, STOCK_CODE varchar(10) not null, STOCK_NAME varchar(20) not null, primary key (STOCK_ID)) engine=MyISAM
2022-02-12 11:47:57 [main] DEBUG org.hibernate.SQL - alter table test1.Customer add constraint UKlvt35vd1qvq9amhgnq4l3uxww unique (dni)
2022-02-12 11:47:57 [main] DEBUG org.hibernate.SQL - alter table test1.Stock add constraint UKanc6j6jpa18lv5emp0ccwcr4s unique (STOCK_CODE)
2022-02-12 11:47:57 [main] DEBUG org.hibernate.SQL - alter table test1.Stock add constraint UKjq0y5umob2ci5ijra28ym65qi unique (STOCK_NAME)
2022-02-12 11:47:57 [main] DEBUG org.hibernate.SQL - insert into test1.Stock (STOCK_CODE, STOCK_NAME) values (?, ?)
2022-02-12 11:47:57 [main] DEBUG org.hibernate.SQL - insert into test1.Stock (STOCK_CODE, STOCK_NAME) values (?, ?)
2022-02-12 11:47:57 [main] DEBUG org.hibernate.SQL - insert into test1.Stock (STOCK_CODE, STOCK_NAME) values (?, ?)
2022-02-12 11:47:57 [main] DEBUG org.hibernate.SQL - insert into test1.Customer (addressLine1, addressLine2, city, contactFirstName, contactLastName, country, creditLimit, customerName, dni, phone, postalCode, salesRepEmployeeNumber, state) values (?, ?, ?, ?, ?, ?, ?, ?, ?, ?, ?, ?, ?)
2022-02-12 11:48:32 [main] DEBUG org.hibernate.SQL - drop table if exists test1.Customer
2022-02-12 11:48:32 [main] DEBUG org.hibernate.SQL - drop table if exists test1.Stock
2022-02-12 11:48:32 [main] DEBUG org.hibernate.SQL - create table test1.Customer (idCustomer integer not null auto_increment, addressLine1 varchar(50) not null, addressLine2 varchar(50), city varchar(25) not null, contactFirstName varchar(50), contactLastName varchar(50), country varchar(25) not null, creditLimit float, customerName varchar(50) not null, dni varchar(12), phone varchar(25), postalCode varchar(10), salesRepEmployeeNumber integer, state varchar(25), primary key (idCustomer)) engine=MyISAM
2022-02-12 11:48:32 [main] DEBUG org.hibernate.SQL - create table test1.Stock (STOCK_ID integer not null auto_increment, STOCK_CODE varchar(10) not null, STOCK_NAME varchar(20) not null, primary key (STOCK_ID)) engine=MyISAM
2022-02-12 11:48:32 [main] DEBUG org.hibernate.SQL - alter table test1.Customer add constraint UKlvt35vd1qvq9amhgnq4l3uxww unique (dni)
2022-02-12 11:48:32 [main] DEBUG org.hibernate.SQL - alter table test1.Stock add constraint UKanc6j6jpa18lv5emp0ccwcr4s unique (STOCK_CODE)
2022-02-12 11:48:32 [main] DEBUG org.hibernate.SQL - alter table test1.Stock add constraint UKjq0y5umob2ci5ijra28ym65qi unique (STOCK_NAME)
2022-02-12 11:48:32 [main] DEBUG org.hibernate.SQL - insert into test1.Stock (STOCK_CODE, STOCK_NAME) values (?, ?)
2022-02-12 11:48:32 [main] DEBUG org.hibernate.SQL - insert into test1.Stock (STOCK_CODE, STOCK_NAME) values (?, ?)
2022-02-12 11:48:32 [main] DEBUG org.hibernate.SQL - insert into test1.Stock (STOCK_CODE, STOCK_NAME) values (?, ?)
2022-02-13 10:08:37 [main] DEBUG org.hibernate.SQL - drop table if exists test1.Stock
2022-02-13 10:08:37 [main] DEBUG org.hibernate.SQL - drop table if exists Customer
2022-02-13 10:08:37 [main] DEBUG org.hibernate.SQL - create table test1.Stock (STOCK_ID integer not null auto_increment, STOCK_CODE varchar(10) not null, STOCK_NAME varchar(20) not null, primary key (STOCK_ID)) engine=MyISAM
2022-02-13 10:08:37 [main] DEBUG org.hibernate.SQL - alter table test1.Stock add constraint UKanc6j6jpa18lv5emp0ccwcr4s unique (STOCK_CODE)
2022-02-13 10:08:37 [main] DEBUG org.hibernate.SQL - alter table test1.Stock add constraint UKjq0y5umob2ci5ijra28ym65qi unique (STOCK_NAME)
2022-02-13 10:08:37 [main] DEBUG org.hibernate.SQL - create table Customer (idCustomer integer not null auto_increment, addressLine1 varchar(50) not null, addressLine2 varchar(50), city varchar(25) not null, contactFirstName varchar(50), contactLastName varchar(50), country varchar(25) not null, creditLimit float, customerName varchar(50) not null, dni varchar(12), phone varchar(25), postalCode varchar(10), salesRepEmployeeNumber integer, state varchar(25), primary key (idCustomer)) engine=MyISAM
2022-02-13 10:08:37 [main] DEBUG org.hibernate.SQL - alter table Customer add constraint UK_lvt35vd1qvq9amhgnq4l3uxww unique (dni)
2022-02-13 10:08:37 [main] DEBUG org.hibernate.SQL - insert into test1.Stock (STOCK_CODE, STOCK_NAME) values (?, ?)
2022-02-13 10:08:37 [main] DEBUG org.hibernate.SQL - insert into test1.Stock (STOCK_CODE, STOCK_NAME) values (?, ?)
2022-02-13 10:08:37 [main] DEBUG org.hibernate.SQL - insert into test1.Stock (STOCK_CODE, STOCK_NAME) values (?, ?)
2022-02-13 10:09:06 [main] DEBUG org.hibernate.SQL - drop table if exists test1.Stock
2022-02-13 10:09:06 [main] DEBUG org.hibernate.SQL - drop table if exists Customer
2022-02-13 10:09:06 [main] DEBUG org.hibernate.SQL - create table test1.Stock (STOCK_ID integer not null auto_increment, STOCK_CODE varchar(10) not null, STOCK_NAME varchar(20) not null, primary key (STOCK_ID)) engine=MyISAM
2022-02-13 10:09:06 [main] DEBUG org.hibernate.SQL - alter table test1.Stock add constraint UKanc6j6jpa18lv5emp0ccwcr4s unique (STOCK_CODE)
2022-02-13 10:09:06 [main] DEBUG org.hibernate.SQL - alter table test1.Stock add constraint UKjq0y5umob2ci5ijra28ym65qi unique (STOCK_NAME)
2022-02-13 10:09:06 [main] DEBUG org.hibernate.SQL - create table Customer (idCustomer integer not null auto_increment, addressLine1 varchar(50) not null, addressLine2 varchar(50), city varchar(25) not null, contactFirstName varchar(50), contactLastName varchar(50), country varchar(25) not null, creditLimit float, customerName varchar(50) not null, dni varchar(12), phone varchar(25), postalCode varchar(10), salesRepEmployeeNumber integer, state varchar(25), primary key (idCustomer)) engine=MyISAM
2022-02-13 10:09:06 [main] DEBUG org.hibernate.SQL - alter table Customer add constraint UK_lvt35vd1qvq9amhgnq4l3uxww unique (dni)
2022-02-13 10:09:06 [main] DEBUG org.hibernate.SQL - insert into test1.Stock (STOCK_CODE, STOCK_NAME) values (?, ?)
2022-02-13 10:09:06 [main] DEBUG org.hibernate.SQL - insert into test1.Stock (STOCK_CODE, STOCK_NAME) values (?, ?)
2022-02-13 10:09:06 [main] DEBUG org.hibernate.SQL - insert into test1.Stock (STOCK_CODE, STOCK_NAME) values (?, ?)
2022-02-13 10:09:06 [main] DEBUG org.hibernate.SQL - insert into Customer (addressLine1, addressLine2, city, contactFirstName, contactLastName, country, creditLimit, customerName, dni, phone, postalCode, salesRepEmployeeNumber, state) values (?, ?, ?, ?, ?, ?, ?, ?, ?, ?, ?, ?, ?)
2022-02-13 10:09:26 [main] DEBUG org.hibernate.SQL - drop table if exists Customer
2022-02-13 10:09:26 [main] DEBUG org.hibernate.SQL - drop table if exists Stock
2022-02-13 10:09:26 [main] DEBUG org.hibernate.SQL - create table Customer (idCustomer integer not null auto_increment, addressLine1 varchar(50) not null, addressLine2 varchar(50), city varchar(25) not null, contactFirstName varchar(50), contactLastName varchar(50), country varchar(25) not null, creditLimit float, customerName varchar(50) not null, dni varchar(12), phone varchar(25), postalCode varchar(10), salesRepEmployeeNumber integer, state varchar(25), primary key (idCustomer)) engine=MyISAM
2022-02-13 10:09:26 [main] DEBUG org.hibernate.SQL - create table Stock (STOCK_ID integer not null auto_increment, STOCK_CODE varchar(10) not null, STOCK_NAME varchar(20) not null, primary key (STOCK_ID)) engine=MyISAM
2022-02-13 10:09:26 [main] DEBUG org.hibernate.SQL - alter table Customer add constraint UK_lvt35vd1qvq9amhgnq4l3uxww unique (dni)
2022-02-13 10:09:26 [main] DEBUG org.hibernate.SQL - insert into Stock (STOCK_CODE, STOCK_NAME) values (?, ?)
2022-02-13 10:09:26 [main] DEBUG org.hibernate.SQL - insert into Stock (STOCK_CODE, STOCK_NAME) values (?, ?)
2022-02-13 10:09:26 [main] DEBUG org.hibernate.SQL - insert into Stock (STOCK_CODE, STOCK_NAME) values (?, ?)
2022-02-13 10:09:26 [main] DEBUG org.hibernate.SQL - insert into Customer (addressLine1, addressLine2, city, contactFirstName, contactLastName, country, creditLimit, customerName, dni, phone, postalCode, salesRepEmployeeNumber, state) values (?, ?, ?, ?, ?, ?, ?, ?, ?, ?, ?, ?, ?)
2022-02-13 10:24:15 [main] DEBUG org.hibernate.SQL - drop table if exists Customer
2022-02-13 10:24:15 [main] DEBUG org.hibernate.SQL - drop table if exists stock2
2022-02-13 10:24:15 [main] DEBUG org.hibernate.SQL - create table Customer (idCustomer integer not null auto_increment, addressLine1 varchar(50) not null, addressLine2 varchar(50), city varchar(25) not null, contactFirstName varchar(50), contactLastName varchar(50), country varchar(25) not null, creditLimit float, customerName varchar(50) not null, dni varchar(12), phone varchar(25), postalCode varchar(10), salesRepEmployeeNumber integer, state varchar(25), primary key (idCustomer)) engine=MyISAM
2022-02-13 10:24:15 [main] DEBUG org.hibernate.SQL - create table stock2 (STOCK_ID integer not null auto_increment, STOCK_CODE varchar(10) not null, STOCK_NAME varchar(20) not null, primary key (STOCK_ID)) engine=MyISAM
2022-02-13 10:24:15 [main] DEBUG org.hibernate.SQL - alter table Customer add constraint UK_lvt35vd1qvq9amhgnq4l3uxww unique (dni)
2022-02-13 10:24:15 [main] DEBUG org.hibernate.SQL - insert into stock2 (STOCK_CODE, STOCK_NAME) values (?, ?)
2022-02-13 10:24:15 [main] DEBUG org.hibernate.SQL - insert into stock2 (STOCK_CODE, STOCK_NAME) values (?, ?)
2022-02-13 10:24:15 [main] DEBUG org.hibernate.SQL - insert into stock2 (STOCK_CODE, STOCK_NAME) values (?, ?)
2022-02-13 10:24:15 [main] DEBUG org.hibernate.SQL - insert into Customer (addressLine1, addressLine2, city, contactFirstName, contactLastName, country, creditLimit, customerName, dni, phone, postalCode, salesRepEmployeeNumber, state) values (?, ?, ?, ?, ?, ?, ?, ?, ?, ?, ?, ?, ?)
2022-02-13 10:25:00 [main] DEBUG org.hibernate.SQL - drop table if exists Customer
2022-02-13 10:25:00 [main] DEBUG org.hibernate.SQL - drop table if exists stock2
2022-02-13 10:25:00 [main] DEBUG org.hibernate.SQL - create table Customer (idCustomer integer not null auto_increment, addressLine1 varchar(50) not null, addressLine2 varchar(50), city varchar(25) not null, contactFirstName varchar(50), contactLastName varchar(50), country varchar(25) not null, creditLimit float, customerName varchar(50) not null, dni varchar(12), phone varchar(25), postalCode varchar(10), salesRepEmployeeNumber integer, state varchar(25), primary key (idCustomer)) engine=MyISAM
2022-02-13 10:25:00 [main] DEBUG org.hibernate.SQL - create table stock2 (STOCK_ID integer not null auto_increment, STOCK_CODE varchar(10) not null, STOCK_NAME varchar(20) not null, primary key (STOCK_ID)) engine=MyISAM
2022-02-13 10:25:00 [main] DEBUG org.hibernate.SQL - alter table Customer add constraint UK_lvt35vd1qvq9amhgnq4l3uxww unique (dni)
2022-02-13 10:25:00 [main] DEBUG org.hibernate.SQL - insert into stock2 (STOCK_CODE, STOCK_NAME) values (?, ?)
2022-02-13 10:25:00 [main] DEBUG org.hibernate.SQL - insert into stock2 (STOCK_CODE, STOCK_NAME) values (?, ?)
2022-02-13 10:25:00 [main] DEBUG org.hibernate.SQL - insert into stock2 (STOCK_CODE, STOCK_NAME) values (?, ?)
2022-02-13 10:25:00 [main] DEBUG org.hibernate.SQL - insert into Customer (addressLine1, addressLine2, city, contactFirstName, contactLastName, country, creditLimit, customerName, dni, phone, postalCode, salesRepEmployeeNumber, state) values (?, ?, ?, ?, ?, ?, ?, ?, ?, ?, ?, ?, ?)
2022-02-13 10:25:45 [main] DEBUG org.hibernate.SQL - drop table if exists Customer
2022-02-13 10:25:45 [main] DEBUG org.hibernate.SQL - drop table if exists taula_stock
2022-02-13 10:25:45 [main] DEBUG org.hibernate.SQL - create table Customer (idCustomer integer not null auto_increment, addressLine1 varchar(50) not null, addressLine2 varchar(50), city varchar(25) not null, contactFirstName varchar(50), contactLastName varchar(50), country varchar(25) not null, creditLimit float, customerName varchar(50) not null, dni varchar(12), phone varchar(25), postalCode varchar(10), salesRepEmployeeNumber integer, state varchar(25), primary key (idCustomer)) engine=MyISAM
2022-02-13 10:25:45 [main] DEBUG org.hibernate.SQL - create table taula_stock (STOCK_ID integer not null auto_increment, STOCK_CODE varchar(10) not null, STOCK_NAME varchar(20) not null, primary key (STOCK_ID)) engine=MyISAM
2022-02-13 10:25:45 [main] DEBUG org.hibernate.SQL - alter table Customer add constraint UK_lvt35vd1qvq9amhgnq4l3uxww unique (dni)
2022-02-13 10:25:45 [main] DEBUG org.hibernate.SQL - insert into taula_stock (STOCK_CODE, STOCK_NAME) values (?, ?)
2022-02-13 10:25:45 [main] DEBUG org.hibernate.SQL - insert into taula_stock (STOCK_CODE, STOCK_NAME) values (?, ?)
2022-02-13 10:25:45 [main] DEBUG org.hibernate.SQL - insert into taula_stock (STOCK_CODE, STOCK_NAME) values (?, ?)
2022-02-13 10:25:45 [main] DEBUG org.hibernate.SQL - insert into Customer (addressLine1, addressLine2, city, contactFirstName, contactLastName, country, creditLimit, customerName, dni, phone, postalCode, salesRepEmployeeNumber, state) values (?, ?, ?, ?, ?, ?, ?, ?, ?, ?, ?, ?, ?)
2022-02-13 11:18:33 [main] DEBUG org.hibernate.SQL - drop table if exists Customer
2022-02-13 11:18:33 [main] DEBUG org.hibernate.SQL - drop table if exists taula_stock
2022-02-13 11:18:33 [main] DEBUG org.hibernate.SQL - create table Customer (idCustomer integer not null auto_increment, addressLine1 varchar(50) not null, addressLine2 varchar(50), city varchar(25) not null, contactFirstName varchar(50), contactLastName varchar(50), country varchar(25) not null, creditLimit float, customerName varchar(50) not null, dni varchar(12), phone varchar(25), postalCode varchar(10), salesRepEmployeeNumber integer, state varchar(25), primary key (idCustomer)) engine=MyISAM
2022-02-13 11:18:33 [main] DEBUG org.hibernate.SQL - create table taula_stock (STOCK_ID integer not null auto_increment, STOCK_CODE varchar(10) not null, STOCK_NAME varchar(20) not null, primary key (STOCK_ID)) engine=MyISAM
2022-02-13 11:18:33 [main] DEBUG org.hibernate.SQL - alter table Customer add constraint UK_lvt35vd1qvq9amhgnq4l3uxww unique (dni)
2022-02-13 11:18:55 [main] DEBUG org.hibernate.SQL - insert into taula_stock (STOCK_CODE, STOCK_NAME) values (?, ?)
2022-02-13 11:18:56 [main] DEBUG org.hibernate.SQL - insert into taula_stock (STOCK_CODE, STOCK_NAME) values (?, ?)
2022-02-13 11:18:56 [main] DEBUG org.hibernate.SQL - insert into taula_stock (STOCK_CODE, STOCK_NAME) values (?, ?)
2022-02-13 11:19:01 [main] DEBUG org.hibernate.SQL - insert into Customer (addressLine1, addressLine2, city, contactFirstName, contactLastName, country, creditLimit, customerName, dni, phone, postalCode, salesRepEmployeeNumber, state) values (?, ?, ?, ?, ?, ?, ?, ?, ?, ?, ?, ?, ?)
2022-02-13 11:19:32 [main] DEBUG org.hibernate.SQL - drop table if exists Customer
2022-02-13 11:19:32 [main] DEBUG org.hibernate.SQL - drop table if exists taula_stock
2022-02-13 11:19:32 [main] DEBUG org.hibernate.SQL - create table Customer (idCustomer integer not null auto_increment, addressLine1 varchar(50) not null, addressLine2 varchar(50), city varchar(25) not null, contactFirstName varchar(50), contactLastName varchar(50), country varchar(25) not null, creditLimit float, customerName varchar(50) not null, dni varchar(12), phone varchar(25), postalCode varchar(10), salesRepEmployeeNumber integer, state varchar(25), primary key (idCustomer)) engine=MyISAM
2022-02-13 11:19:32 [main] DEBUG org.hibernate.SQL - create table taula_stock (STOCK_ID integer not null auto_increment, STOCK_CODE varchar(10) not null, STOCK_NAME varchar(20) not null, primary key (STOCK_ID)) engine=MyISAM
2022-02-13 11:19:32 [main] DEBUG org.hibernate.SQL - alter table Customer add constraint UK_lvt35vd1qvq9amhgnq4l3uxww unique (dni)
2022-02-13 11:20:21 [main] DEBUG org.hibernate.SQL - drop table if exists Customer
2022-02-13 11:20:21 [main] DEBUG org.hibernate.SQL - drop table if exists taula_stock
2022-02-13 11:20:21 [main] DEBUG org.hibernate.SQL - create table Customer (idCustomer integer not null auto_increment, addressLine1 varchar(50) not null, addressLine2 varchar(50), city varchar(25) not null, contactFirstName varchar(50), contactLastName varchar(50), country varchar(25) not null, creditLimit float, customerName varchar(50) not null, dni varchar(12), phone varchar(25), postalCode varchar(10), salesRepEmployeeNumber integer, state varchar(25), primary key (idCustomer)) engine=MyISAM
2022-02-13 11:20:21 [main] DEBUG org.hibernate.SQL - create table taula_stock (STOCK_ID integer not null auto_increment, STOCK_CODE varchar(10) not null, STOCK_NAME varchar(20) not null, primary key (STOCK_ID)) engine=MyISAM
2022-02-13 11:20:21 [main] DEBUG org.hibernate.SQL - alter table Customer add constraint UK_lvt35vd1qvq9amhgnq4l3uxww unique (dni)
2022-02-13 11:21:30 [main] DEBUG org.hibernate.SQL - drop table if exists Customer
2022-02-13 11:21:30 [main] DEBUG org.hibernate.SQL - drop table if exists taula_stock
2022-02-13 11:21:30 [main] DEBUG org.hibernate.SQL - create table Customer (idCustomer integer not null auto_increment, addressLine1 varchar(50) not null, addressLine2 varchar(50), city varchar(25) not null, contactFirstName varchar(50), contactLastName varchar(50), country varchar(25) not null, creditLimit float, customerName varchar(50) not null, dni varchar(12), phone varchar(25), postalCode varchar(10), salesRepEmployeeNumber integer, state varchar(25), primary key (idCustomer)) engine=MyISAM
2022-02-13 11:21:30 [main] DEBUG org.hibernate.SQL - create table taula_stock (STOCK_ID integer not null auto_increment, STOCK_CODE varchar(10) not null, STOCK_NAME varchar(20) not null, primary key (STOCK_ID)) engine=MyISAM
2022-02-13 11:21:30 [main] DEBUG org.hibernate.SQL - alter table Customer add constraint UK_lvt35vd1qvq9amhgnq4l3uxww unique (dni)
2022-02-13 11:22:19 [main] DEBUG org.hibernate.SQL - drop table if exists Customer
2022-02-13 11:22:19 [main] DEBUG org.hibernate.SQL - drop table if exists taula_stock
2022-02-13 11:22:19 [main] DEBUG org.hibernate.SQL - create table Customer (idCustomer integer not null auto_increment, addressLine1 varchar(50) not null, addressLine2 varchar(50), city varchar(25) not null, contactFirstName varchar(50), contactLastName varchar(50), country varchar(25) not null, creditLimit float, customerName varchar(50) not null, dni varchar(12), phone varchar(25), postalCode varchar(10), salesRepEmployeeNumber integer, state varchar(25), primary key (idCustomer)) engine=MyISAM
2022-02-13 11:22:19 [main] DEBUG org.hibernate.SQL - create table taula_stock (STOCK_ID integer not null auto_increment, STOCK_CODE varchar(10) not null, STOCK_NAME varchar(20) not null, primary key (STOCK_ID)) engine=MyISAM
2022-02-13 11:22:19 [main] DEBUG org.hibernate.SQL - alter table Customer add constraint UK_lvt35vd1qvq9amhgnq4l3uxww unique (dni)
2022-02-13 11:22:53 [main] DEBUG org.hibernate.SQL - drop table if exists Customer
2022-02-13 11:22:54 [main] DEBUG org.hibernate.SQL - drop table if exists taula_stock
2022-02-13 11:22:54 [main] DEBUG org.hibernate.SQL - create table Customer (idCustomer integer not null auto_increment, addressLine1 varchar(50) not null, addressLine2 varchar(50), city varchar(25) not null, contactFirstName varchar(50), contactLastName varchar(50), country varchar(25) not null, creditLimit float, customerName varchar(50) not null, dni varchar(12), phone varchar(25), postalCode varchar(10), salesRepEmployeeNumber integer, state varchar(25), primary key (idCustomer)) engine=MyISAM
2022-02-13 11:22:54 [main] DEBUG org.hibernate.SQL - create table taula_stock (STOCK_ID integer not null auto_increment, STOCK_CODE varchar(10) not null, STOCK_NAME varchar(20) not null, primary key (STOCK_ID)) engine=MyISAM
2022-02-13 11:22:54 [main] DEBUG org.hibernate.SQL - alter table Customer add constraint UK_lvt35vd1qvq9amhgnq4l3uxww unique (dni)
2022-02-13 11:24:38 [main] DEBUG org.hibernate.SQL - drop table if exists customer
2022-02-13 11:24:38 [main] DEBUG org.hibernate.SQL - drop table if exists stock
2022-02-13 11:24:38 [main] DEBUG org.hibernate.SQL - create table customer (idCustomer integer not null auto_increment, addressLine1 varchar(50) not null, addressLine2 varchar(50), city varchar(25) not null, contactFirstName varchar(50), contactLastName varchar(50), country varchar(25) not null, creditLimit float, customerName varchar(50) not null, dni varchar(12), phone varchar(25), postalCode varchar(10), salesRepEmployeeNumber integer, state varchar(25), primary key (idCustomer)) engine=MyISAM
2022-02-13 11:24:38 [main] DEBUG org.hibernate.SQL - create table stock (STOCK_ID integer not null auto_increment, STOCK_CODE varchar(10) not null, STOCK_NAME varchar(20) not null, primary key (STOCK_ID)) engine=MyISAM
2022-02-13 11:24:38 [main] DEBUG org.hibernate.SQL - alter table customer add constraint UK_9jf7jfr0lltn86gmjn14l71d8 unique (dni)
2022-02-13 11:25:22 [main] DEBUG org.hibernate.SQL - insert into stock (STOCK_CODE, STOCK_NAME) values (?, ?)
2022-02-13 11:25:23 [main] DEBUG org.hibernate.SQL - insert into stock (STOCK_CODE, STOCK_NAME) values (?, ?)
2022-02-13 11:25:23 [main] DEBUG org.hibernate.SQL - insert into stock (STOCK_CODE, STOCK_NAME) values (?, ?)
2022-02-13 11:26:18 [main] DEBUG org.hibernate.SQL - drop table if exists customer
2022-02-13 11:26:18 [main] DEBUG org.hibernate.SQL - drop table if exists stock
2022-02-13 11:26:18 [main] DEBUG org.hibernate.SQL - create table customer (idCustomer integer not null auto_increment, addressLine1 varchar(50) not null, addressLine2 varchar(50), city varchar(25) not null, contactFirstName varchar(50), contactLastName varchar(50), country varchar(25) not null, creditLimit float, customerName varchar(50) not null, dni varchar(12), phone varchar(25), postalCode varchar(10), salesRepEmployeeNumber integer, state varchar(25), primary key (idCustomer)) engine=MyISAM
2022-02-13 11:26:18 [main] DEBUG org.hibernate.SQL - create table stock (STOCK_ID integer not null auto_increment, STOCK_CODE varchar(10) not null, STOCK_NAME varchar(20) not null, primary key (STOCK_ID)) engine=MyISAM
2022-02-13 11:26:18 [main] DEBUG org.hibernate.SQL - alter table customer add constraint UK_9jf7jfr0lltn86gmjn14l71d8 unique (dni)
2022-02-13 11:26:48 [main] DEBUG org.hibernate.SQL - insert into stock (STOCK_CODE, STOCK_NAME) values (?, ?)
2022-02-13 11:26:52 [main] DEBUG org.hibernate.SQL - insert into stock (STOCK_CODE, STOCK_NAME) values (?, ?)
2022-02-13 11:26:57 [main] DEBUG org.hibernate.SQL - insert into stock (STOCK_CODE, STOCK_NAME) values (?, ?)
2022-02-13 11:27:13 [main] DEBUG org.hibernate.SQL - insert into customer (addressLine1, addressLine2, city, contactFirstName, contactLastName, country, creditLimit, customerName, dni, phone, postalCode, salesRepEmployeeNumber, state) values (?, ?, ?, ?, ?, ?, ?, ?, ?, ?, ?, ?, ?)
2022-02-13 11:30:54 [main] DEBUG org.hibernate.SQL - drop table if exists customer
2022-02-13 11:30:54 [main] DEBUG org.hibernate.SQL - drop table if exists stock
2022-02-13 11:30:54 [main] DEBUG org.hibernate.SQL - create table customer (idCustomer integer not null auto_increment, addressLine1 varchar(50) not null, addressLine2 varchar(50), city varchar(25) not null, contactFirstName varchar(50), contactLastName varchar(50), country varchar(25) not null, creditLimit float, customerName varchar(50) not null, dni varchar(12), phone varchar(25), postalCode varchar(10), salesRepEmployeeNumber integer, state varchar(25), primary key (idCustomer)) engine=MyISAM
2022-02-13 11:30:54 [main] DEBUG org.hibernate.SQL - create table stock (STOCK_ID integer not null auto_increment, STOCK_CODE varchar(10) not null, STOCK_NAME varchar(20) not null, primary key (STOCK_ID)) engine=MyISAM
2022-02-13 11:30:54 [main] DEBUG org.hibernate.SQL - alter table customer add constraint UK_9jf7jfr0lltn86gmjn14l71d8 unique (dni)
2022-02-13 11:32:09 [main] DEBUG org.hibernate.SQL - drop table if exists customer
2022-02-13 11:32:09 [main] DEBUG org.hibernate.SQL - drop table if exists stock
2022-02-13 11:32:09 [main] DEBUG org.hibernate.SQL - create table customer (idCustomer integer not null auto_increment, addressLine1 varchar(50) not null, addressLine2 varchar(50), city varchar(25) not null, contactFirstName varchar(50), contactLastName varchar(50), country varchar(25) not null, creditLimit float, customerName varchar(50) not null, dni varchar(12), phone varchar(25), postalCode varchar(10), salesRepEmployeeNumber integer, state varchar(25), primary key (idCustomer)) engine=MyISAM
2022-02-13 11:32:09 [main] DEBUG org.hibernate.SQL - create table stock (STOCK_ID integer not null auto_increment, STOCK_CODE varchar(10) not null, STOCK_NAME varchar(20) not null, primary key (STOCK_ID)) engine=MyISAM
2022-02-13 11:32:09 [main] DEBUG org.hibernate.SQL - alter table customer add constraint UK_9jf7jfr0lltn86gmjn14l71d8 unique (dni)
2022-02-13 11:32:22 [main] DEBUG org.hibernate.SQL - insert into stock (STOCK_CODE, STOCK_NAME) values (?, ?)
2022-02-13 11:32:28 [main] DEBUG org.hibernate.SQL - insert into stock (STOCK_CODE, STOCK_NAME) values (?, ?)
2022-02-13 11:32:28 [main] DEBUG org.hibernate.SQL - insert into stock (STOCK_CODE, STOCK_NAME) values (?, ?)
2022-02-13 11:38:38 [main] DEBUG org.hibernate.SQL - drop table if exists customer
2022-02-13 11:38:38 [main] DEBUG org.hibernate.SQL - drop table if exists stock
2022-02-13 11:38:38 [main] DEBUG org.hibernate.SQL - create table customer (idCustomer integer not null auto_increment, addressLine1 varchar(50) not null, addressLine2 varchar(50), city varchar(25) not null, contactFirstName varchar(50), contactLastName varchar(50), country varchar(25) not null, creditLimit float, customerName varchar(50) not null, dni varchar(12), phone varchar(25), postalCode varchar(10), salesRepEmployeeNumber integer, state varchar(25), primary key (idCustomer)) engine=MyISAM
2022-02-13 11:38:38 [main] DEBUG org.hibernate.SQL - create table stock (STOCK_ID integer not null auto_increment, STOCK_CODE varchar(10) not null, STOCK_NAME varchar(20) not null, primary key (STOCK_ID)) engine=MyISAM
2022-02-13 11:38:38 [main] DEBUG org.hibernate.SQL - alter table customer add constraint UK_9jf7jfr0lltn86gmjn14l71d8 unique (dni)
2022-02-13 11:39:05 [main] DEBUG org.hibernate.SQL - insert into stock (STOCK_CODE, STOCK_NAME) values (?, ?)
2022-02-13 11:39:06 [main] DEBUG org.hibernate.SQL - insert into stock (STOCK_CODE, STOCK_NAME) values (?, ?)
2022-02-13 11:39:06 [main] DEBUG org.hibernate.SQL - insert into stock (STOCK_CODE, STOCK_NAME) values (?, ?)
2022-02-13 11:40:31 [main] DEBUG org.hibernate.SQL - drop table if exists customer
2022-02-13 11:40:31 [main] DEBUG org.hibernate.SQL - drop table if exists stock
2022-02-13 11:40:31 [main] DEBUG org.hibernate.SQL - create table customer (idCustomer integer not null auto_increment, addressLine1 varchar(50) not null, addressLine2 varchar(50), city varchar(25) not null, contactFirstName varchar(50), contactLastName varchar(50), country varchar(25) not null, creditLimit float, customerName varchar(50) not null, dni varchar(12), phone varchar(25), postalCode varchar(10), salesRepEmployeeNumber integer, state varchar(25), primary key (idCustomer)) engine=MyISAM
2022-02-13 11:40:31 [main] DEBUG org.hibernate.SQL - create table stock (STOCK_ID integer not null auto_increment, STOCK_CODE varchar(10) not null, STOCK_NAME varchar(20) not null, primary key (STOCK_ID)) engine=MyISAM
2022-02-13 11:40:31 [main] DEBUG org.hibernate.SQL - alter table customer add constraint UK_9jf7jfr0lltn86gmjn14l71d8 unique (dni)
2022-02-13 11:40:40 [main] DEBUG org.hibernate.SQL - insert into stock (STOCK_CODE, STOCK_NAME) values (?, ?)
2022-02-13 11:40:40 [main] DEBUG org.hibernate.SQL - insert into stock (STOCK_CODE, STOCK_NAME) values (?, ?)
2022-02-13 11:40:40 [main] DEBUG org.hibernate.SQL - insert into stock (STOCK_CODE, STOCK_NAME) values (?, ?)
2022-02-13 11:40:40 [main] DEBUG org.hibernate.SQL - insert into customer (addressLine1, addressLine2, city, contactFirstName, contactLastName, country, creditLimit, customerName, dni, phone, postalCode, salesRepEmployeeNumber, state) values (?, ?, ?, ?, ?, ?, ?, ?, ?, ?, ?, ?, ?)
2022-02-13 11:41:10 [main] DEBUG org.hibernate.SQL - drop table if exists customer
2022-02-13 11:41:10 [main] DEBUG org.hibernate.SQL - drop table if exists stock
2022-02-13 11:41:10 [main] DEBUG org.hibernate.SQL - create table customer (idCustomer integer not null auto_increment, addressLine1 varchar(50) not null, addressLine2 varchar(50), city varchar(25) not null, contactFirstName varchar(50), contactLastName varchar(50), country varchar(25) not null, creditLimit float, customerName varchar(50) not null, dni varchar(12), phone varchar(25), postalCode varchar(10), salesRepEmployeeNumber integer, state varchar(25), primary key (idCustomer)) engine=MyISAM
2022-02-13 11:41:10 [main] DEBUG org.hibernate.SQL - create table stock (STOCK_ID integer not null auto_increment, STOCK_CODE varchar(10) not null, STOCK_NAME varchar(20) not null, primary key (STOCK_ID)) engine=MyISAM
2022-02-13 11:41:10 [main] DEBUG org.hibernate.SQL - alter table customer add constraint UK_9jf7jfr0lltn86gmjn14l71d8 unique (dni)
2022-02-13 11:41:10 [main] DEBUG org.hibernate.SQL - insert into stock (STOCK_CODE, STOCK_NAME) values (?, ?)
2022-02-13 11:41:10 [main] DEBUG org.hibernate.SQL - insert into stock (STOCK_CODE, STOCK_NAME) values (?, ?)
2022-02-13 11:41:10 [main] DEBUG org.hibernate.SQL - insert into stock (STOCK_CODE, STOCK_NAME) values (?, ?)
2022-02-13 11:41:16 [main] DEBUG org.hibernate.SQL - insert into customer (addressLine1, addressLine2, city, contactFirstName, contactLastName, country, creditLimit, customerName, dni, phone, postalCode, salesRepEmployeeNumber, state) values (?, ?, ?, ?, ?, ?, ?, ?, ?, ?, ?, ?, ?)
2022-02-13 11:46:50 [main] DEBUG org.hibernate.SQL - drop table if exists customer
2022-02-13 11:46:50 [main] DEBUG org.hibernate.SQL - drop table if exists stock
2022-02-13 11:46:50 [main] DEBUG org.hibernate.SQL - create table customer (idCustomer integer not null auto_increment, addressLine1 varchar(50) not null, addressLine2 varchar(50), city varchar(25) not null, contactFirstName varchar(50), contactLastName varchar(50), country varchar(25) not null, creditLimit float, customerName varchar(50) not null, dni varchar(12), phone varchar(25), postalCode varchar(10), salesRepEmployeeNumber integer, state varchar(25), primary key (idCustomer)) engine=MyISAM
2022-02-13 11:46:50 [main] DEBUG org.hibernate.SQL - create table stock (STOCK_ID integer not null auto_increment, STOCK_CODE varchar(10) not null, STOCK_NAME varchar(20) not null, primary key (STOCK_ID)) engine=MyISAM
2022-02-13 11:46:50 [main] DEBUG org.hibernate.SQL - alter table customer add constraint UK_9jf7jfr0lltn86gmjn14l71d8 unique (dni)
2022-02-13 11:46:55 [main] DEBUG org.hibernate.SQL - insert into stock (STOCK_CODE, STOCK_NAME) values (?, ?)
2022-02-13 11:46:56 [main] DEBUG org.hibernate.SQL - insert into stock (STOCK_CODE, STOCK_NAME) values (?, ?)
2022-02-13 11:46:56 [main] DEBUG org.hibernate.SQL - insert into stock (STOCK_CODE, STOCK_NAME) values (?, ?)
2022-02-13 11:50:24 [main] DEBUG org.hibernate.SQL - drop table if exists customer
2022-02-13 11:50:24 [main] DEBUG org.hibernate.SQL - drop table if exists stock
2022-02-13 11:50:24 [main] DEBUG org.hibernate.SQL - create table customer (idCustomer integer not null auto_increment, addressLine1 varchar(50) not null, addressLine2 varchar(50), city varchar(25) not null, contactFirstName varchar(50), contactLastName varchar(50), country varchar(25) not null, creditLimit float, customerName varchar(50) not null, dni varchar(12), phone varchar(25), postalCode varchar(10), salesRepEmployeeNumber integer, state varchar(25), primary key (idCustomer)) engine=MyISAM
2022-02-13 11:50:24 [main] DEBUG org.hibernate.SQL - create table stock (STOCK_ID integer not null auto_increment, STOCK_CODE varchar(10) not null, STOCK_NAME varchar(20) not null, primary key (STOCK_ID)) engine=MyISAM
2022-02-13 11:50:24 [main] DEBUG org.hibernate.SQL - alter table customer add constraint UK_9jf7jfr0lltn86gmjn14l71d8 unique (dni)
2022-02-13 11:50:36 [main] DEBUG org.hibernate.SQL - insert into stock (STOCK_CODE, STOCK_NAME) values (?, ?)
2022-02-13 11:50:36 [main] DEBUG org.hibernate.SQL - insert into stock (STOCK_CODE, STOCK_NAME) values (?, ?)
2022-02-13 11:50:37 [main] DEBUG org.hibernate.SQL - insert into stock (STOCK_CODE, STOCK_NAME) values (?, ?)
2022-02-13 11:58:50 [main] DEBUG org.hibernate.SQL - drop table if exists customer
2022-02-13 11:58:50 [main] DEBUG org.hibernate.SQL - drop table if exists stock
2022-02-13 11:58:50 [main] DEBUG org.hibernate.SQL - create table customer (idCustomer integer not null auto_increment, addressLine1 varchar(50) not null, addressLine2 varchar(50), city varchar(25) not null, contactFirstName varchar(50), contactLastName varchar(50), country varchar(25) not null, creditLimit float, customerName varchar(50) not null, dni varchar(12), phone varchar(25), postalCode varchar(10), salesRepEmployeeNumber integer, state varchar(25), primary key (idCustomer)) type=MyISAM
2022-02-13 11:58:50 [main] DEBUG org.hibernate.SQL - create table stock (STOCK_ID integer not null auto_increment, STOCK_CODE varchar(10) not null, STOCK_NAME varchar(20) not null, primary key (STOCK_ID)) type=MyISAM
2022-02-13 11:58:50 [main] DEBUG org.hibernate.SQL - alter table customer add constraint UK_9jf7jfr0lltn86gmjn14l71d8 unique (dni)
2022-02-13 11:59:31 [main] DEBUG org.hibernate.SQL - insert into stock (STOCK_CODE, STOCK_NAME) values (?, ?)
2022-02-13 12:00:16 [main] DEBUG org.hibernate.SQL - drop table if exists customer
2022-02-13 12:00:16 [main] DEBUG org.hibernate.SQL - drop table if exists stock
2022-02-13 12:00:16 [main] DEBUG org.hibernate.SQL - create table customer (idCustomer integer not null auto_increment, addressLine1 varchar(50) not null, addressLine2 varchar(50), city varchar(25) not null, contactFirstName varchar(50), contactLastName varchar(50), country varchar(25) not null, creditLimit float, customerName varchar(50) not null, dni varchar(12), phone varchar(25), postalCode varchar(10), salesRepEmployeeNumber integer, state varchar(25), primary key (idCustomer)) type=MyISAM
2022-02-13 12:00:16 [main] DEBUG org.hibernate.SQL - create table stock (STOCK_ID integer not null auto_increment, STOCK_CODE varchar(10) not null, STOCK_NAME varchar(20) not null, primary key (STOCK_ID)) type=MyISAM
2022-02-13 12:00:16 [main] DEBUG org.hibernate.SQL - alter table customer add constraint UK_9jf7jfr0lltn86gmjn14l71d8 unique (dni)
2022-02-13 12:00:35 [main] DEBUG org.hibernate.SQL - insert into stock (STOCK_CODE, STOCK_NAME) values (?, ?)
2022-02-13 12:01:12 [main] DEBUG org.hibernate.SQL - drop table if exists customer
2022-02-13 12:01:12 [main] DEBUG org.hibernate.SQL - drop table if exists stock
2022-02-13 12:01:12 [main] DEBUG org.hibernate.SQL - create table customer (idCustomer integer not null auto_increment, addressLine1 varchar(50) not null, addressLine2 varchar(50), city varchar(25) not null, contactFirstName varchar(50), contactLastName varchar(50), country varchar(25) not null, creditLimit float, customerName varchar(50) not null, dni varchar(12), phone varchar(25), postalCode varchar(10), salesRepEmployeeNumber integer, state varchar(25), primary key (idCustomer)) engine=MyISAM
2022-02-13 12:01:12 [main] DEBUG org.hibernate.SQL - create table stock (STOCK_ID integer not null auto_increment, STOCK_CODE varchar(10) not null, STOCK_NAME varchar(20) not null, primary key (STOCK_ID)) engine=MyISAM
2022-02-13 12:01:12 [main] DEBUG org.hibernate.SQL - alter table customer add constraint UK_9jf7jfr0lltn86gmjn14l71d8 unique (dni)
2022-02-13 12:01:35 [main] DEBUG org.hibernate.SQL - insert into stock (STOCK_CODE, STOCK_NAME) values (?, ?)
2022-02-13 12:04:07 [main] DEBUG org.hibernate.SQL - drop table if exists customer
2022-02-13 12:04:07 [main] DEBUG org.hibernate.SQL - drop table if exists stock
2022-02-13 12:04:07 [main] DEBUG org.hibernate.SQL - create table customer (idCustomer integer not null auto_increment, addressLine1 varchar(50) not null, addressLine2 varchar(50), city varchar(25) not null, contactFirstName varchar(50), contactLastName varchar(50), country varchar(25) not null, creditLimit float, customerName varchar(50) not null, dni varchar(12), phone varchar(25), postalCode varchar(10), salesRepEmployeeNumber integer, state varchar(25), primary key (idCustomer)) type=InnoDB
2022-02-13 12:04:07 [main] DEBUG org.hibernate.SQL - create table stock (STOCK_ID integer not null auto_increment, STOCK_CODE varchar(10) not null, STOCK_NAME varchar(20) not null, primary key (STOCK_ID)) type=InnoDB
2022-02-13 12:04:07 [main] DEBUG org.hibernate.SQL - alter table customer add constraint UK_9jf7jfr0lltn86gmjn14l71d8 unique (dni)
2022-02-13 12:04:34 [main] DEBUG org.hibernate.SQL - insert into stock (STOCK_CODE, STOCK_NAME) values (?, ?)
2022-02-13 12:12:40 [main] DEBUG org.hibernate.SQL - drop table if exists customer
2022-02-13 12:12:40 [main] DEBUG org.hibernate.SQL - drop table if exists stock
2022-02-13 12:12:40 [main] DEBUG org.hibernate.SQL - create table customer (idCustomer integer not null auto_increment, addressLine1 varchar(50) not null, addressLine2 varchar(50), city varchar(25) not null, contactFirstName varchar(50), contactLastName varchar(50), country varchar(25) not null, creditLimit float, customerName varchar(50) not null, dni varchar(12), phone varchar(25), postalCode varchar(10), salesRepEmployeeNumber integer, state varchar(25), primary key (idCustomer)) engine=MyISAM
2022-02-13 12:12:40 [main] DEBUG org.hibernate.SQL - create table stock (STOCK_ID integer not null auto_increment, STOCK_CODE varchar(10) not null, STOCK_NAME varchar(20) not null, primary key (STOCK_ID)) engine=MyISAM
2022-02-13 12:12:40 [main] DEBUG org.hibernate.SQL - alter table customer add constraint UK_9jf7jfr0lltn86gmjn14l71d8 unique (dni)
2022-02-13 12:13:11 [main] DEBUG org.hibernate.SQL - insert into stock (STOCK_CODE, STOCK_NAME) values (?, ?)
2022-02-13 12:13:18 [main] DEBUG org.hibernate.SQL - insert into stock (STOCK_CODE, STOCK_NAME) values (?, ?)
2022-02-13 12:13:18 [main] DEBUG org.hibernate.SQL - insert into stock (STOCK_CODE, STOCK_NAME) values (?, ?)
2022-02-13 12:13:37 [main] DEBUG org.hibernate.SQL - drop table if exists customer
2022-02-13 12:13:37 [main] DEBUG org.hibernate.SQL - drop table if exists stock
2022-02-13 12:13:37 [main] DEBUG org.hibernate.SQL - create table customer (idCustomer integer not null auto_increment, addressLine1 varchar(50) not null, addressLine2 varchar(50), city varchar(25) not null, contactFirstName varchar(50), contactLastName varchar(50), country varchar(25) not null, creditLimit float, customerName varchar(50) not null, dni varchar(12), phone varchar(25), postalCode varchar(10), salesRepEmployeeNumber integer, state varchar(25), primary key (idCustomer)) engine=MyISAM
2022-02-13 12:13:37 [main] DEBUG org.hibernate.SQL - create table stock (STOCK_ID integer not null auto_increment, STOCK_CODE varchar(10) not null, STOCK_NAME varchar(20) not null, primary key (STOCK_ID)) engine=MyISAM
2022-02-13 12:13:37 [main] DEBUG org.hibernate.SQL - alter table customer add constraint UK_9jf7jfr0lltn86gmjn14l71d8 unique (dni)
2022-02-13 12:13:43 [main] DEBUG org.hibernate.SQL - insert into stock (STOCK_CODE, STOCK_NAME) values (?, ?)
2022-02-13 12:13:43 [main] DEBUG org.hibernate.SQL - insert into stock (STOCK_CODE, STOCK_NAME) values (?, ?)
2022-02-13 12:13:44 [main] DEBUG org.hibernate.SQL - insert into stock (STOCK_CODE, STOCK_NAME) values (?, ?)
2022-02-13 12:28:25 [main] DEBUG org.hibernate.SQL - drop table if exists customer
2022-02-13 12:29:10 [main] DEBUG org.hibernate.SQL - drop table if exists customer
2022-02-13 12:29:22 [main] DEBUG org.hibernate.SQL - drop table if exists stock
2022-02-13 12:29:22 [main] DEBUG org.hibernate.SQL - create table customer (idCustomer integer not null auto_increment, addressLine1 varchar(50) not null, addressLine2 varchar(50), city varchar(25) not null, contactFirstName varchar(50), contactLastName varchar(50), country varchar(25) not null, creditLimit float, customerName varchar(50) not null, dni varchar(12), phone varchar(25), postalCode varchar(10), salesRepEmployeeNumber integer, state varchar(25), primary key (idCustomer)) engine=MyISAM
2022-02-13 12:29:22 [main] DEBUG org.hibernate.SQL - create table stock (STOCK_ID integer not null auto_increment, STOCK_CODE varchar(10) not null, STOCK_NAME varchar(20) not null, primary key (STOCK_ID)) engine=MyISAM
2022-02-13 12:29:22 [main] DEBUG org.hibernate.SQL - alter table customer add constraint UK_9jf7jfr0lltn86gmjn14l71d8 unique (dni)
2022-02-13 12:29:35 [main] DEBUG org.hibernate.SQL - insert into stock (STOCK_CODE, STOCK_NAME) values (?, ?)
2022-02-13 12:29:39 [main] DEBUG org.hibernate.SQL - insert into stock (STOCK_CODE, STOCK_NAME) values (?, ?)
2022-02-13 12:29:40 [main] DEBUG org.hibernate.SQL - insert into stock (STOCK_CODE, STOCK_NAME) values (?, ?)
2022-02-13 12:30:33 [main] DEBUG org.hibernate.SQL - insert into customer (addressLine1, addressLine2, city, contactFirstName, contactLastName, country, creditLimit, customerName, dni, phone, postalCode, salesRepEmployeeNumber, state) values (?, ?, ?, ?, ?, ?, ?, ?, ?, ?, ?, ?, ?)
2022-02-13 12:32:38 [main] DEBUG org.hibernate.SQL - drop table if exists customer
2022-02-13 12:33:48 [main] DEBUG org.hibernate.SQL - drop table if exists customer
2022-02-13 12:33:48 [main] DEBUG org.hibernate.SQL - drop table if exists stock
2022-02-13 12:33:48 [main] DEBUG org.hibernate.SQL - create table customer (idCustomer integer not null auto_increment, addressLine1 varchar(50) not null, addressLine2 varchar(50), city varchar(25) not null, contactFirstName varchar(50), contactLastName varchar(50), country varchar(25) not null, creditLimit float, customerName varchar(50) not null, dni varchar(12), phone varchar(25), postalCode varchar(10), salesRepEmployeeNumber integer, state varchar(25), primary key (idCustomer)) engine=MyISAM
2022-02-13 12:33:48 [main] DEBUG org.hibernate.SQL - create table stock (STOCK_ID integer not null auto_increment, STOCK_CODE varchar(10) not null, STOCK_NAME varchar(20) not null, primary key (STOCK_ID)) engine=MyISAM
2022-02-13 12:33:48 [main] DEBUG org.hibernate.SQL - alter table customer add constraint UK_9jf7jfr0lltn86gmjn14l71d8 unique (dni)
2022-02-13 12:34:08 [main] DEBUG org.hibernate.SQL - insert into stock (STOCK_CODE, STOCK_NAME) values (?, ?)
2022-02-13 12:34:10 [main] DEBUG org.hibernate.SQL - insert into stock (STOCK_CODE, STOCK_NAME) values (?, ?)
2022-02-13 12:34:11 [main] DEBUG org.hibernate.SQL - insert into stock (STOCK_CODE, STOCK_NAME) values (?, ?)
2022-02-13 13:12:50 [main] DEBUG org.hibernate.SQL - drop table if exists customer
2022-02-13 13:12:50 [main] DEBUG org.hibernate.SQL - drop table if exists stock
2022-02-13 13:12:51 [main] DEBUG org.hibernate.SQL - create table customer (idCustomer integer not null auto_increment, addressLine1 varchar(50) not null, addressLine2 varchar(50), city varchar(25) not null, contactFirstName varchar(50), contactLastName varchar(50), country varchar(25) not null, creditLimit float, customerName varchar(50) not null, dni varchar(12), phone varchar(25), postalCode varchar(10), salesRepEmployeeNumber integer, state varchar(25), primary key (idCustomer)) engine=MyISAM
2022-02-13 13:12:51 [main] DEBUG org.hibernate.SQL - create table stock (STOCK_ID integer not null auto_increment, STOCK_CODE varchar(10) not null, STOCK_NAME varchar(20) not null, primary key (STOCK_ID)) engine=MyISAM
2022-02-13 13:12:51 [main] DEBUG org.hibernate.SQL - alter table customer add constraint UK_9jf7jfr0lltn86gmjn14l71d8 unique (dni)
2022-02-13 13:13:00 [main] DEBUG org.hibernate.SQL - insert into stock (STOCK_CODE, STOCK_NAME) values (?, ?)
2022-02-13 13:13:00 [main] DEBUG org.hibernate.SQL - insert into stock (STOCK_CODE, STOCK_NAME) values (?, ?)
2022-02-13 13:13:00 [main] DEBUG org.hibernate.SQL - insert into stock (STOCK_CODE, STOCK_NAME) values (?, ?)
